{"/home/ewaldt/Documents/VS/GAMES/Phonics-Fun/js/android-benq-init.js": {"path":"/home/ewaldt/Documents/VS/GAMES/Phonics-Fun/js/android-benq-init.js","statementMap":{"0":{"start":{"line":9,"column":8},"end":{"line":9,"column":null}},"1":{"start":{"line":10,"column":8},"end":{"line":10,"column":null}},"2":{"start":{"line":11,"column":8},"end":{"line":11,"column":null}},"3":{"start":{"line":15,"column":8},"end":{"line":18,"column":null}},"4":{"start":{"line":16,"column":12},"end":{"line":16,"column":null}},"5":{"start":{"line":17,"column":12},"end":{"line":17,"column":null}},"6":{"start":{"line":20,"column":8},"end":{"line":23,"column":null}},"7":{"start":{"line":21,"column":12},"end":{"line":21,"column":null}},"8":{"start":{"line":22,"column":12},"end":{"line":22,"column":null}},"9":{"start":{"line":25,"column":8},"end":{"line":25,"column":null}},"10":{"start":{"line":26,"column":8},"end":{"line":26,"column":null}},"11":{"start":{"line":27,"column":8},"end":{"line":27,"column":null}},"12":{"start":{"line":28,"column":8},"end":{"line":28,"column":null}},"13":{"start":{"line":33,"column":31},"end":{"line":33,"column":76}},"14":{"start":{"line":34,"column":38},"end":{"line":35,"column":86}},"15":{"start":{"line":38,"column":8},"end":{"line":38,"column":null}},"16":{"start":{"line":43,"column":8},"end":{"line":43,"column":null}},"17":{"start":{"line":46,"column":8},"end":{"line":46,"column":null}},"18":{"start":{"line":49,"column":8},"end":{"line":49,"column":null}},"19":{"start":{"line":52,"column":8},"end":{"line":52,"column":null}},"20":{"start":{"line":55,"column":8},"end":{"line":55,"column":null}},"21":{"start":{"line":60,"column":8},"end":{"line":60,"column":null}},"22":{"start":{"line":61,"column":8},"end":{"line":61,"column":null}},"23":{"start":{"line":62,"column":8},"end":{"line":62,"column":null}},"24":{"start":{"line":67,"column":23},"end":{"line":67,"column":70}},"25":{"start":{"line":68,"column":8},"end":{"line":72,"column":null}},"26":{"start":{"line":69,"column":12},"end":{"line":69,"column":null}},"27":{"start":{"line":70,"column":12},"end":{"line":70,"column":null}},"28":{"start":{"line":71,"column":12},"end":{"line":71,"column":null}},"29":{"start":{"line":76,"column":8},"end":{"line":76,"column":null}},"30":{"start":{"line":79,"column":28},"end":{"line":79,"column":58}},"31":{"start":{"line":80,"column":8},"end":{"line":80,"column":null}},"32":{"start":{"line":81,"column":8},"end":{"line":81,"column":null}},"33":{"start":{"line":82,"column":8},"end":{"line":82,"column":null}},"34":{"start":{"line":87,"column":8},"end":{"line":98,"column":null}},"35":{"start":{"line":88,"column":12},"end":{"line":88,"column":null}},"36":{"start":{"line":90,"column":12},"end":{"line":97,"column":null}},"37":{"start":{"line":91,"column":30},"end":{"line":91,"column":59}},"38":{"start":{"line":92,"column":16},"end":{"line":92,"column":null}},"39":{"start":{"line":93,"column":16},"end":{"line":93,"column":null}},"40":{"start":{"line":94,"column":16},"end":{"line":94,"column":null}},"41":{"start":{"line":95,"column":16},"end":{"line":95,"column":null}},"42":{"start":{"line":96,"column":16},"end":{"line":96,"column":null}},"43":{"start":{"line":101,"column":8},"end":{"line":101,"column":null}},"44":{"start":{"line":106,"column":29},"end":{"line":106,"column":101}},"45":{"start":{"line":108,"column":8},"end":{"line":138,"column":null}},"46":{"start":{"line":109,"column":33},"end":{"line":109,"column":34}},"47":{"start":{"line":110,"column":29},"end":{"line":110,"column":34}},"48":{"start":{"line":112,"column":12},"end":{"line":115,"column":null}},"49":{"start":{"line":113,"column":16},"end":{"line":113,"column":null}},"50":{"start":{"line":114,"column":16},"end":{"line":114,"column":null}},"51":{"start":{"line":117,"column":12},"end":{"line":119,"column":null}},"52":{"start":{"line":118,"column":16},"end":{"line":118,"column":null}},"53":{"start":{"line":121,"column":12},"end":{"line":137,"column":null}},"54":{"start":{"line":122,"column":38},"end":{"line":122,"column":65}},"55":{"start":{"line":124,"column":16},"end":{"line":136,"column":null}},"56":{"start":{"line":126,"column":20},"end":{"line":126,"column":null}},"57":{"start":{"line":127,"column":20},"end":{"line":127,"column":null}},"58":{"start":{"line":129,"column":39},"end":{"line":133,"column":22}},"59":{"start":{"line":135,"column":20},"end":{"line":135,"column":null}},"60":{"start":{"line":143,"column":30},"end":{"line":143,"column":64}},"61":{"start":{"line":145,"column":8},"end":{"line":153,"column":null}},"62":{"start":{"line":146,"column":12},"end":{"line":148,"column":null}},"63":{"start":{"line":147,"column":16},"end":{"line":147,"column":null}},"64":{"start":{"line":150,"column":12},"end":{"line":152,"column":null}},"65":{"start":{"line":151,"column":16},"end":{"line":151,"column":null}},"66":{"start":{"line":156,"column":41},"end":{"line":172,"column":9}},"67":{"start":{"line":157,"column":12},"end":{"line":157,"column":null}},"68":{"start":{"line":160,"column":12},"end":{"line":167,"column":null}},"69":{"start":{"line":161,"column":16},"end":{"line":166,"column":null}},"70":{"start":{"line":162,"column":20},"end":{"line":162,"column":null}},"71":{"start":{"line":163,"column":20},"end":{"line":163,"column":null}},"72":{"start":{"line":165,"column":20},"end":{"line":165,"column":null}},"73":{"start":{"line":170,"column":12},"end":{"line":170,"column":null}},"74":{"start":{"line":171,"column":12},"end":{"line":171,"column":null}},"75":{"start":{"line":175,"column":8},"end":{"line":175,"column":null}},"76":{"start":{"line":176,"column":8},"end":{"line":176,"column":null}},"77":{"start":{"line":181,"column":40},"end":{"line":191,"column":9}},"78":{"start":{"line":182,"column":12},"end":{"line":190,"column":null}},"79":{"start":{"line":184,"column":16},"end":{"line":184,"column":null}},"80":{"start":{"line":185,"column":16},"end":{"line":185,"column":43}},"81":{"start":{"line":186,"column":16},"end":{"line":186,"column":null}},"82":{"start":{"line":189,"column":16},"end":{"line":189,"column":null}},"83":{"start":{"line":193,"column":8},"end":{"line":193,"column":null}},"84":{"start":{"line":194,"column":8},"end":{"line":194,"column":null}},"85":{"start":{"line":199,"column":8},"end":{"line":208,"column":null}},"86":{"start":{"line":201,"column":12},"end":{"line":201,"column":null}},"87":{"start":{"line":204,"column":29},"end":{"line":204,"column":63}},"88":{"start":{"line":205,"column":12},"end":{"line":207,"column":null}},"89":{"start":{"line":206,"column":16},"end":{"line":206,"column":null}},"90":{"start":{"line":212,"column":8},"end":{"line":212,"column":null}},"91":{"start":{"line":215,"column":26},"end":{"line":215,"column":62}},"92":{"start":{"line":216,"column":8},"end":{"line":222,"column":null}},"93":{"start":{"line":217,"column":12},"end":{"line":217,"column":null}},"94":{"start":{"line":218,"column":12},"end":{"line":218,"column":null}},"95":{"start":{"line":219,"column":12},"end":{"line":219,"column":null}},"96":{"start":{"line":220,"column":12},"end":{"line":220,"column":null}},"97":{"start":{"line":221,"column":12},"end":{"line":221,"column":null}},"98":{"start":{"line":225,"column":22},"end":{"line":225,"column":53}},"99":{"start":{"line":226,"column":8},"end":{"line":237,"column":null}},"100":{"start":{"line":238,"column":8},"end":{"line":238,"column":null}},"101":{"start":{"line":242,"column":8},"end":{"line":242,"column":null}},"102":{"start":{"line":245,"column":30},"end":{"line":245,"column":64}},"103":{"start":{"line":247,"column":8},"end":{"line":259,"column":null}},"104":{"start":{"line":248,"column":12},"end":{"line":248,"column":null}},"105":{"start":{"line":249,"column":12},"end":{"line":249,"column":31}},"106":{"start":{"line":252,"column":12},"end":{"line":258,"column":null}},"107":{"start":{"line":253,"column":16},"end":{"line":253,"column":null}},"108":{"start":{"line":255,"column":16},"end":{"line":257,"column":null}},"109":{"start":{"line":256,"column":20},"end":{"line":256,"column":null}},"110":{"start":{"line":263,"column":8},"end":{"line":263,"column":null}},"111":{"start":{"line":266,"column":31},"end":{"line":266,"column":51}},"112":{"start":{"line":267,"column":8},"end":{"line":284,"column":null}},"113":{"start":{"line":268,"column":12},"end":{"line":268,"column":null}},"114":{"start":{"line":271,"column":26},"end":{"line":271,"column":57}},"115":{"start":{"line":272,"column":12},"end":{"line":282,"column":null}},"116":{"start":{"line":283,"column":12},"end":{"line":283,"column":null}},"117":{"start":{"line":289,"column":8},"end":{"line":291,"column":null}},"118":{"start":{"line":290,"column":12},"end":{"line":290,"column":null}},"119":{"start":{"line":294,"column":8},"end":{"line":303,"column":null}},"120":{"start":{"line":295,"column":39},"end":{"line":299,"column":13}},"121":{"start":{"line":296,"column":16},"end":{"line":298,"column":null}},"122":{"start":{"line":297,"column":20},"end":{"line":297,"column":null}},"123":{"start":{"line":301,"column":12},"end":{"line":301,"column":null}},"124":{"start":{"line":302,"column":12},"end":{"line":302,"column":null}},"125":{"start":{"line":308,"column":36},"end":{"line":319,"column":9}},"126":{"start":{"line":309,"column":29},"end":{"line":309,"column":65}},"127":{"start":{"line":310,"column":12},"end":{"line":318,"column":null}},"128":{"start":{"line":312,"column":16},"end":{"line":317,"column":null}},"129":{"start":{"line":314,"column":20},"end":{"line":316,"column":null}},"130":{"start":{"line":315,"column":24},"end":{"line":315,"column":null}},"131":{"start":{"line":321,"column":8},"end":{"line":325,"column":null}},"132":{"start":{"line":322,"column":12},"end":{"line":322,"column":null}},"133":{"start":{"line":324,"column":12},"end":{"line":324,"column":null}},"134":{"start":{"line":330,"column":8},"end":{"line":342,"column":null}},"135":{"start":{"line":331,"column":32},"end":{"line":339,"column":13}},"136":{"start":{"line":332,"column":31},"end":{"line":332,"column":56}},"137":{"start":{"line":333,"column":36},"end":{"line":333,"column":82}},"138":{"start":{"line":335,"column":16},"end":{"line":338,"column":null}},"139":{"start":{"line":336,"column":20},"end":{"line":336,"column":null}},"140":{"start":{"line":337,"column":20},"end":{"line":337,"column":null}},"141":{"start":{"line":341,"column":12},"end":{"line":341,"column":44}},"142":{"start":{"line":347,"column":8},"end":{"line":347,"column":null}},"143":{"start":{"line":350,"column":22},"end":{"line":350,"column":53}},"144":{"start":{"line":351,"column":8},"end":{"line":359,"column":null}},"145":{"start":{"line":360,"column":8},"end":{"line":360,"column":null}},"146":{"start":{"line":365,"column":8},"end":{"line":373,"column":null}},"147":{"start":{"line":366,"column":12},"end":{"line":366,"column":null}},"148":{"start":{"line":369,"column":12},"end":{"line":372,"column":null}},"149":{"start":{"line":370,"column":16},"end":{"line":370,"column":null}},"150":{"start":{"line":371,"column":16},"end":{"line":371,"column":null}},"151":{"start":{"line":376,"column":8},"end":{"line":384,"column":null}},"152":{"start":{"line":377,"column":12},"end":{"line":377,"column":null}},"153":{"start":{"line":380,"column":12},"end":{"line":383,"column":null}},"154":{"start":{"line":381,"column":16},"end":{"line":381,"column":null}},"155":{"start":{"line":382,"column":16},"end":{"line":382,"column":null}},"156":{"start":{"line":389,"column":30},"end":{"line":389,"column":64}},"157":{"start":{"line":391,"column":8},"end":{"line":393,"column":null}},"158":{"start":{"line":392,"column":12},"end":{"line":392,"column":null}},"159":{"start":{"line":396,"column":8},"end":{"line":400,"column":null}},"160":{"start":{"line":397,"column":12},"end":{"line":399,"column":null}},"161":{"start":{"line":398,"column":16},"end":{"line":398,"column":null}},"162":{"start":{"line":405,"column":24},"end":{"line":414,"column":9}},"163":{"start":{"line":416,"column":8},"end":{"line":416,"column":null}},"164":{"start":{"line":417,"column":8},"end":{"line":417,"column":null}},"165":{"start":{"line":422,"column":0},"end":{"line":427,"column":null}},"166":{"start":{"line":423,"column":4},"end":{"line":423,"column":null}},"167":{"start":{"line":426,"column":4},"end":{"line":426,"column":null}},"168":{"start":{"line":433,"column":0},"end":{"line":435,"column":null}},"169":{"start":{"line":434,"column":4},"end":{"line":434,"column":null}}},"fnMap":{"0":{"name":"constructor","decl":{"start":{"line":8,"column":4},"end":{"line":8,"column":15}},"loc":{"start":{"line":8,"column":18},"end":{"line":12,"column":null}},"line":8},"1":{"name":"init","decl":{"start":{"line":14,"column":4},"end":{"line":14,"column":8}},"loc":{"start":{"line":14,"column":11},"end":{"line":29,"column":null}},"line":14},"2":{"name":"detectBenQBoard","decl":{"start":{"line":31,"column":4},"end":{"line":31,"column":19}},"loc":{"start":{"line":31,"column":22},"end":{"line":39,"column":null}},"line":31},"3":{"name":"applyAndroidFixes","decl":{"start":{"line":41,"column":4},"end":{"line":41,"column":21}},"loc":{"start":{"line":41,"column":24},"end":{"line":56,"column":null}},"line":41},"4":{"name":"applyBenQFixes","decl":{"start":{"line":58,"column":4},"end":{"line":58,"column":18}},"loc":{"start":{"line":58,"column":21},"end":{"line":63,"column":null}},"line":58},"5":{"name":"fixViewport","decl":{"start":{"line":65,"column":4},"end":{"line":65,"column":15}},"loc":{"start":{"line":65,"column":18},"end":{"line":83,"column":null}},"line":65},"6":{"name":"fixTouchEvents","decl":{"start":{"line":85,"column":4},"end":{"line":85,"column":18}},"loc":{"start":{"line":85,"column":21},"end":{"line":102,"column":null}},"line":85},"7":{"name":"(anonymous_7)","decl":{"start":{"line":90,"column":32},"end":{"line":90,"column":40}},"loc":{"start":{"line":90,"column":58},"end":{"line":97,"column":13}},"line":90},"8":{"name":"fixTouchDelay","decl":{"start":{"line":104,"column":4},"end":{"line":104,"column":17}},"loc":{"start":{"line":104,"column":20},"end":{"line":139,"column":null}},"line":104},"9":{"name":"(anonymous_9)","decl":{"start":{"line":108,"column":29},"end":{"line":108,"column":36}},"loc":{"start":{"line":108,"column":40},"end":{"line":138,"column":9}},"line":108},"10":{"name":"(anonymous_10)","decl":{"start":{"line":112,"column":51},"end":{"line":112,"column":52}},"loc":{"start":{"line":112,"column":59},"end":{"line":115,"column":13}},"line":112},"11":{"name":"(anonymous_11)","decl":{"start":{"line":117,"column":50},"end":{"line":117,"column":51}},"loc":{"start":{"line":117,"column":58},"end":{"line":119,"column":13}},"line":117},"12":{"name":"(anonymous_12)","decl":{"start":{"line":121,"column":49},"end":{"line":121,"column":50}},"loc":{"start":{"line":121,"column":56},"end":{"line":137,"column":13}},"line":121},"13":{"name":"fixAudioAutoplay","decl":{"start":{"line":141,"column":4},"end":{"line":141,"column":20}},"loc":{"start":{"line":141,"column":23},"end":{"line":177,"column":null}},"line":141},"14":{"name":"(anonymous_14)","decl":{"start":{"line":145,"column":30},"end":{"line":145,"column":35}},"loc":{"start":{"line":145,"column":39},"end":{"line":153,"column":9}},"line":145},"15":{"name":"(anonymous_15)","decl":{"start":{"line":146,"column":43},"end":{"line":146,"column":44}},"loc":{"start":{"line":146,"column":49},"end":{"line":148,"column":13}},"line":146},"16":{"name":"(anonymous_16)","decl":{"start":{"line":150,"column":44},"end":{"line":150,"column":45}},"loc":{"start":{"line":150,"column":51},"end":{"line":152,"column":13}},"line":150},"17":{"name":"(anonymous_17)","decl":{"start":{"line":156,"column":41},"end":{"line":156,"column":42}},"loc":{"start":{"line":156,"column":47},"end":{"line":172,"column":9}},"line":156},"18":{"name":"(anonymous_18)","decl":{"start":{"line":160,"column":34},"end":{"line":160,"column":39}},"loc":{"start":{"line":160,"column":43},"end":{"line":167,"column":13}},"line":160},"19":{"name":"(anonymous_19)","decl":{"start":{"line":161,"column":34},"end":{"line":161,"column":35}},"loc":{"start":{"line":161,"column":40},"end":{"line":164,"column":17}},"line":161},"20":{"name":"(anonymous_20)","decl":{"start":{"line":164,"column":25},"end":{"line":164,"column":30}},"loc":{"start":{"line":164,"column":34},"end":{"line":166,"column":17}},"line":164},"21":{"name":"fixOrientation","decl":{"start":{"line":179,"column":4},"end":{"line":179,"column":18}},"loc":{"start":{"line":179,"column":21},"end":{"line":195,"column":null}},"line":179},"22":{"name":"(anonymous_22)","decl":{"start":{"line":181,"column":40},"end":{"line":181,"column":41}},"loc":{"start":{"line":181,"column":46},"end":{"line":191,"column":9}},"line":181},"23":{"name":"(anonymous_23)","decl":{"start":{"line":182,"column":23},"end":{"line":182,"column":24}},"loc":{"start":{"line":182,"column":29},"end":{"line":190,"column":13}},"line":182},"24":{"name":"fixPerformance","decl":{"start":{"line":197,"column":4},"end":{"line":197,"column":18}},"loc":{"start":{"line":197,"column":21},"end":{"line":209,"column":null}},"line":197},"25":{"name":"fixBenQTouch","decl":{"start":{"line":211,"column":4},"end":{"line":211,"column":16}},"loc":{"start":{"line":211,"column":19},"end":{"line":239,"column":null}},"line":211},"26":{"name":"fixBenQAudio","decl":{"start":{"line":241,"column":4},"end":{"line":241,"column":16}},"loc":{"start":{"line":241,"column":19},"end":{"line":260,"column":null}},"line":241},"27":{"name":"(anonymous_27)","decl":{"start":{"line":247,"column":30},"end":{"line":247,"column":35}},"loc":{"start":{"line":247,"column":39},"end":{"line":259,"column":9}},"line":247},"28":{"name":"(anonymous_28)","decl":{"start":{"line":252,"column":44},"end":{"line":252,"column":45}},"loc":{"start":{"line":252,"column":51},"end":{"line":258,"column":13}},"line":252},"29":{"name":"(anonymous_29)","decl":{"start":{"line":255,"column":27},"end":{"line":255,"column":28}},"loc":{"start":{"line":255,"column":33},"end":{"line":257,"column":17}},"line":255},"30":{"name":"fixBenQDisplay","decl":{"start":{"line":262,"column":4},"end":{"line":262,"column":18}},"loc":{"start":{"line":262,"column":21},"end":{"line":285,"column":null}},"line":262},"31":{"name":"setupAudioCompatibility","decl":{"start":{"line":287,"column":4},"end":{"line":287,"column":27}},"loc":{"start":{"line":287,"column":30},"end":{"line":304,"column":null}},"line":287},"32":{"name":"(anonymous_32)","decl":{"start":{"line":295,"column":39},"end":{"line":295,"column":40}},"loc":{"start":{"line":295,"column":45},"end":{"line":299,"column":13}},"line":295},"33":{"name":"setupTouchOptimization","decl":{"start":{"line":306,"column":4},"end":{"line":306,"column":26}},"loc":{"start":{"line":306,"column":29},"end":{"line":326,"column":null}},"line":306},"34":{"name":"(anonymous_34)","decl":{"start":{"line":308,"column":36},"end":{"line":308,"column":37}},"loc":{"start":{"line":308,"column":42},"end":{"line":319,"column":9}},"line":308},"35":{"name":"(anonymous_35)","decl":{"start":{"line":312,"column":56},"end":{"line":312,"column":57}},"loc":{"start":{"line":312,"column":63},"end":{"line":317,"column":17}},"line":312},"36":{"name":"setupPerformanceOptimization","decl":{"start":{"line":328,"column":4},"end":{"line":328,"column":32}},"loc":{"start":{"line":328,"column":35},"end":{"line":343,"column":null}},"line":328},"37":{"name":"(anonymous_37)","decl":{"start":{"line":331,"column":32},"end":{"line":331,"column":33}},"loc":{"start":{"line":331,"column":38},"end":{"line":339,"column":13}},"line":331},"38":{"name":"optimizeForLowMemory","decl":{"start":{"line":345,"column":4},"end":{"line":345,"column":24}},"loc":{"start":{"line":345,"column":27},"end":{"line":361,"column":null}},"line":345},"39":{"name":"setupErrorHandling","decl":{"start":{"line":363,"column":4},"end":{"line":363,"column":22}},"loc":{"start":{"line":363,"column":25},"end":{"line":385,"column":null}},"line":363},"40":{"name":"(anonymous_40)","decl":{"start":{"line":365,"column":41},"end":{"line":365,"column":42}},"loc":{"start":{"line":365,"column":52},"end":{"line":373,"column":9}},"line":365},"41":{"name":"(anonymous_41)","decl":{"start":{"line":376,"column":54},"end":{"line":376,"column":55}},"loc":{"start":{"line":376,"column":65},"end":{"line":384,"column":9}},"line":376},"42":{"name":"recoverAudio","decl":{"start":{"line":387,"column":4},"end":{"line":387,"column":16}},"loc":{"start":{"line":387,"column":19},"end":{"line":401,"column":null}},"line":387},"43":{"name":"(anonymous_43)","decl":{"start":{"line":391,"column":30},"end":{"line":391,"column":35}},"loc":{"start":{"line":391,"column":39},"end":{"line":393,"column":9}},"line":391},"44":{"name":"(anonymous_44)","decl":{"start":{"line":397,"column":23},"end":{"line":397,"column":24}},"loc":{"start":{"line":397,"column":29},"end":{"line":399,"column":13}},"line":397},"45":{"name":"runCompatibilityTest","decl":{"start":{"line":404,"column":4},"end":{"line":404,"column":24}},"loc":{"start":{"line":404,"column":27},"end":{"line":418,"column":null}},"line":404},"46":{"name":"(anonymous_46)","decl":{"start":{"line":422,"column":46},"end":{"line":422,"column":47}},"loc":{"start":{"line":422,"column":52},"end":{"line":427,"column":1}},"line":422}},"branchMap":{"0":{"loc":{"start":{"line":10,"column":22},"end":{"line":10,"column":81}},"type":"binary-expr","locations":[{"start":{"line":10,"column":22},"end":{"line":10,"column":55}},{"start":{"line":10,"column":59},"end":{"line":10,"column":81}}],"line":10},"1":{"loc":{"start":{"line":15,"column":8},"end":{"line":18,"column":null}},"type":"if","locations":[{"start":{"line":15,"column":8},"end":{"line":18,"column":null}},{"start":{},"end":{}}],"line":15},"2":{"loc":{"start":{"line":20,"column":8},"end":{"line":23,"column":null}},"type":"if","locations":[{"start":{"line":20,"column":8},"end":{"line":23,"column":null}},{"start":{},"end":{}}],"line":20},"3":{"loc":{"start":{"line":33,"column":31},"end":{"line":33,"column":76}},"type":"binary-expr","locations":[{"start":{"line":33,"column":31},"end":{"line":33,"column":51}},{"start":{"line":33,"column":55},"end":{"line":33,"column":76}}],"line":33},"4":{"loc":{"start":{"line":34,"column":38},"end":{"line":35,"column":86}},"type":"binary-expr","locations":[{"start":{"line":34,"column":39},"end":{"line":34,"column":60}},{"start":{"line":34,"column":64},"end":{"line":34,"column":86}},{"start":{"line":35,"column":38},"end":{"line":35,"column":59}},{"start":{"line":35,"column":63},"end":{"line":35,"column":85}}],"line":34},"5":{"loc":{"start":{"line":38,"column":15},"end":{"line":38,"column":54}},"type":"binary-expr","locations":[{"start":{"line":38,"column":15},"end":{"line":38,"column":29}},{"start":{"line":38,"column":33},"end":{"line":38,"column":54}}],"line":38},"6":{"loc":{"start":{"line":68,"column":8},"end":{"line":72,"column":null}},"type":"if","locations":[{"start":{"line":68,"column":8},"end":{"line":72,"column":null}},{"start":{},"end":{}}],"line":68},"7":{"loc":{"start":{"line":87,"column":8},"end":{"line":98,"column":null}},"type":"if","locations":[{"start":{"line":87,"column":8},"end":{"line":98,"column":null}},{"start":{},"end":{}}],"line":87},"8":{"loc":{"start":{"line":93,"column":32},"end":{"line":93,"column":55}},"type":"binary-expr","locations":[{"start":{"line":93,"column":32},"end":{"line":93,"column":49}},{"start":{"line":93,"column":53},"end":{"line":93,"column":55}}],"line":93},"9":{"loc":{"start":{"line":94,"column":39},"end":{"line":94,"column":69}},"type":"binary-expr","locations":[{"start":{"line":94,"column":39},"end":{"line":94,"column":63}},{"start":{"line":94,"column":67},"end":{"line":94,"column":69}}],"line":94},"10":{"loc":{"start":{"line":95,"column":38},"end":{"line":95,"column":67}},"type":"binary-expr","locations":[{"start":{"line":95,"column":38},"end":{"line":95,"column":61}},{"start":{"line":95,"column":65},"end":{"line":95,"column":67}}],"line":95},"11":{"loc":{"start":{"line":124,"column":16},"end":{"line":136,"column":null}},"type":"if","locations":[{"start":{"line":124,"column":16},"end":{"line":136,"column":null}},{"start":{},"end":{}}],"line":124},"12":{"loc":{"start":{"line":124,"column":20},"end":{"line":124,"column":54}},"type":"binary-expr","locations":[{"start":{"line":124,"column":20},"end":{"line":124,"column":31}},{"start":{"line":124,"column":35},"end":{"line":124,"column":54}}],"line":124},"13":{"loc":{"start":{"line":199,"column":8},"end":{"line":208,"column":null}},"type":"if","locations":[{"start":{"line":199,"column":8},"end":{"line":208,"column":null}},{"start":{},"end":{}}],"line":199},"14":{"loc":{"start":{"line":205,"column":12},"end":{"line":207,"column":null}},"type":"if","locations":[{"start":{"line":205,"column":12},"end":{"line":207,"column":null}},{"start":{},"end":{}}],"line":205},"15":{"loc":{"start":{"line":216,"column":8},"end":{"line":222,"column":null}},"type":"if","locations":[{"start":{"line":216,"column":8},"end":{"line":222,"column":null}},{"start":{},"end":{}}],"line":216},"16":{"loc":{"start":{"line":267,"column":8},"end":{"line":284,"column":null}},"type":"if","locations":[{"start":{"line":267,"column":8},"end":{"line":284,"column":null}},{"start":{},"end":{}}],"line":267},"17":{"loc":{"start":{"line":289,"column":8},"end":{"line":291,"column":null}},"type":"if","locations":[{"start":{"line":289,"column":8},"end":{"line":291,"column":null}},{"start":{},"end":{}}],"line":289},"18":{"loc":{"start":{"line":289,"column":12},"end":{"line":289,"column":92}},"type":"binary-expr","locations":[{"start":{"line":289,"column":12},"end":{"line":289,"column":47}},{"start":{"line":289,"column":51},"end":{"line":289,"column":92}}],"line":289},"19":{"loc":{"start":{"line":294,"column":8},"end":{"line":303,"column":null}},"type":"if","locations":[{"start":{"line":294,"column":8},"end":{"line":303,"column":null}},{"start":{},"end":{}}],"line":294},"20":{"loc":{"start":{"line":296,"column":16},"end":{"line":298,"column":null}},"type":"if","locations":[{"start":{"line":296,"column":16},"end":{"line":298,"column":null}},{"start":{},"end":{}}],"line":296},"21":{"loc":{"start":{"line":296,"column":20},"end":{"line":296,"column":84}},"type":"binary-expr","locations":[{"start":{"line":296,"column":20},"end":{"line":296,"column":39}},{"start":{"line":296,"column":43},"end":{"line":296,"column":84}}],"line":296},"22":{"loc":{"start":{"line":310,"column":12},"end":{"line":318,"column":null}},"type":"if","locations":[{"start":{"line":310,"column":12},"end":{"line":318,"column":null}},{"start":{},"end":{}}],"line":310},"23":{"loc":{"start":{"line":314,"column":20},"end":{"line":316,"column":null}},"type":"if","locations":[{"start":{"line":314,"column":20},"end":{"line":316,"column":null}},{"start":{},"end":{}}],"line":314},"24":{"loc":{"start":{"line":321,"column":8},"end":{"line":325,"column":null}},"type":"if","locations":[{"start":{"line":321,"column":8},"end":{"line":325,"column":null}},{"start":{"line":323,"column":15},"end":{"line":325,"column":null}}],"line":321},"25":{"loc":{"start":{"line":330,"column":8},"end":{"line":342,"column":null}},"type":"if","locations":[{"start":{"line":330,"column":8},"end":{"line":342,"column":null}},{"start":{},"end":{}}],"line":330},"26":{"loc":{"start":{"line":330,"column":12},"end":{"line":330,"column":59}},"type":"binary-expr","locations":[{"start":{"line":330,"column":12},"end":{"line":330,"column":30}},{"start":{"line":330,"column":34},"end":{"line":330,"column":59}}],"line":330},"27":{"loc":{"start":{"line":335,"column":16},"end":{"line":338,"column":null}},"type":"if","locations":[{"start":{"line":335,"column":16},"end":{"line":338,"column":null}},{"start":{},"end":{}}],"line":335},"28":{"loc":{"start":{"line":369,"column":12},"end":{"line":372,"column":null}},"type":"if","locations":[{"start":{"line":369,"column":12},"end":{"line":372,"column":null}},{"start":{},"end":{}}],"line":369},"29":{"loc":{"start":{"line":380,"column":12},"end":{"line":383,"column":null}},"type":"if","locations":[{"start":{"line":380,"column":12},"end":{"line":383,"column":null}},{"start":{},"end":{}}],"line":380},"30":{"loc":{"start":{"line":380,"column":16},"end":{"line":380,"column":101}},"type":"binary-expr","locations":[{"start":{"line":380,"column":16},"end":{"line":380,"column":56}},{"start":{"line":380,"column":60},"end":{"line":380,"column":101}}],"line":380},"31":{"loc":{"start":{"line":396,"column":8},"end":{"line":400,"column":null}},"type":"if","locations":[{"start":{"line":396,"column":8},"end":{"line":400,"column":null}},{"start":{},"end":{}}],"line":396},"32":{"loc":{"start":{"line":410,"column":32},"end":{"line":410,"column":80}},"type":"binary-expr","locations":[{"start":{"line":410,"column":32},"end":{"line":410,"column":51}},{"start":{"line":410,"column":55},"end":{"line":410,"column":80}}],"line":410},"33":{"loc":{"start":{"line":412,"column":30},"end":{"line":412,"column":58}},"type":"binary-expr","locations":[{"start":{"line":412,"column":30},"end":{"line":412,"column":53}},{"start":{"line":412,"column":57},"end":{"line":412,"column":58}}],"line":412},"34":{"loc":{"start":{"line":433,"column":0},"end":{"line":435,"column":null}},"type":"if","locations":[{"start":{"line":433,"column":0},"end":{"line":435,"column":null}},{"start":{},"end":{}}],"line":433}},"s":{"0":0,"1":0,"2":0,"3":0,"4":0,"5":0,"6":0,"7":0,"8":0,"9":0,"10":0,"11":0,"12":0,"13":0,"14":0,"15":0,"16":0,"17":0,"18":0,"19":0,"20":0,"21":0,"22":0,"23":0,"24":0,"25":0,"26":0,"27":0,"28":0,"29":0,"30":0,"31":0,"32":0,"33":0,"34":0,"35":0,"36":0,"37":0,"38":0,"39":0,"40":0,"41":0,"42":0,"43":0,"44":0,"45":0,"46":0,"47":0,"48":0,"49":0,"50":0,"51":0,"52":0,"53":0,"54":0,"55":0,"56":0,"57":0,"58":0,"59":0,"60":0,"61":0,"62":0,"63":0,"64":0,"65":0,"66":0,"67":0,"68":0,"69":0,"70":0,"71":0,"72":0,"73":0,"74":0,"75":0,"76":0,"77":0,"78":0,"79":0,"80":0,"81":0,"82":0,"83":0,"84":0,"85":0,"86":0,"87":0,"88":0,"89":0,"90":0,"91":0,"92":0,"93":0,"94":0,"95":0,"96":0,"97":0,"98":0,"99":0,"100":0,"101":0,"102":0,"103":0,"104":0,"105":0,"106":0,"107":0,"108":0,"109":0,"110":0,"111":0,"112":0,"113":0,"114":0,"115":0,"116":0,"117":0,"118":0,"119":0,"120":0,"121":0,"122":0,"123":0,"124":0,"125":0,"126":0,"127":0,"128":0,"129":0,"130":0,"131":0,"132":0,"133":0,"134":0,"135":0,"136":0,"137":0,"138":0,"139":0,"140":0,"141":0,"142":0,"143":0,"144":0,"145":0,"146":0,"147":0,"148":0,"149":0,"150":0,"151":0,"152":0,"153":0,"154":0,"155":0,"156":0,"157":0,"158":0,"159":0,"160":0,"161":0,"162":0,"163":0,"164":0,"165":2,"166":0,"167":0,"168":2,"169":2},"f":{"0":0,"1":0,"2":0,"3":0,"4":0,"5":0,"6":0,"7":0,"8":0,"9":0,"10":0,"11":0,"12":0,"13":0,"14":0,"15":0,"16":0,"17":0,"18":0,"19":0,"20":0,"21":0,"22":0,"23":0,"24":0,"25":0,"26":0,"27":0,"28":0,"29":0,"30":0,"31":0,"32":0,"33":0,"34":0,"35":0,"36":0,"37":0,"38":0,"39":0,"40":0,"41":0,"42":0,"43":0,"44":0,"45":0,"46":0},"b":{"0":[0,0],"1":[0,0],"2":[0,0],"3":[0,0],"4":[0,0,0,0],"5":[0,0],"6":[0,0],"7":[0,0],"8":[0,0],"9":[0,0],"10":[0,0],"11":[0,0],"12":[0,0],"13":[0,0],"14":[0,0],"15":[0,0],"16":[0,0],"17":[0,0],"18":[0,0],"19":[0,0],"20":[0,0],"21":[0,0],"22":[0,0],"23":[0,0],"24":[0,0],"25":[0,0],"26":[0,0],"27":[0,0],"28":[0,0],"29":[0,0],"30":[0,0],"31":[0,0],"32":[0,0],"33":[0,0],"34":[2,0]},"meta":{"lastBranch":35,"lastFunction":47,"lastStatement":170,"seen":{"f:8:4:8:15":0,"s:9:8:9:Infinity":0,"s:10:8:10:Infinity":1,"b:10:22:10:55:10:59:10:81":0,"s:11:8:11:Infinity":2,"f:14:4:14:8":1,"b:15:8:18:Infinity:undefined:undefined:undefined:undefined":1,"s:15:8:18:Infinity":3,"s:16:12:16:Infinity":4,"s:17:12:17:Infinity":5,"b:20:8:23:Infinity:undefined:undefined:undefined:undefined":2,"s:20:8:23:Infinity":6,"s:21:12:21:Infinity":7,"s:22:12:22:Infinity":8,"s:25:8:25:Infinity":9,"s:26:8:26:Infinity":10,"s:27:8:27:Infinity":11,"s:28:8:28:Infinity":12,"f:31:4:31:19":2,"s:33:31:33:76":13,"b:33:31:33:51:33:55:33:76":3,"s:34:38:35:86":14,"b:34:39:34:60:34:64:34:86:35:38:35:59:35:63:35:85":4,"s:38:8:38:Infinity":15,"b:38:15:38:29:38:33:38:54":5,"f:41:4:41:21":3,"s:43:8:43:Infinity":16,"s:46:8:46:Infinity":17,"s:49:8:49:Infinity":18,"s:52:8:52:Infinity":19,"s:55:8:55:Infinity":20,"f:58:4:58:18":4,"s:60:8:60:Infinity":21,"s:61:8:61:Infinity":22,"s:62:8:62:Infinity":23,"f:65:4:65:15":5,"s:67:23:67:70":24,"b:68:8:72:Infinity:undefined:undefined:undefined:undefined":6,"s:68:8:72:Infinity":25,"s:69:12:69:Infinity":26,"s:70:12:70:Infinity":27,"s:71:12:71:Infinity":28,"s:76:8:76:Infinity":29,"s:79:28:79:58":30,"s:80:8:80:Infinity":31,"s:81:8:81:Infinity":32,"s:82:8:82:Infinity":33,"f:85:4:85:18":6,"b:87:8:98:Infinity:undefined:undefined:undefined:undefined":7,"s:87:8:98:Infinity":34,"s:88:12:88:Infinity":35,"s:90:12:97:Infinity":36,"f:90:32:90:40":7,"s:91:30:91:59":37,"s:92:16:92:Infinity":38,"s:93:16:93:Infinity":39,"b:93:32:93:49:93:53:93:55":8,"s:94:16:94:Infinity":40,"b:94:39:94:63:94:67:94:69":9,"s:95:16:95:Infinity":41,"b:95:38:95:61:95:65:95:67":10,"s:96:16:96:Infinity":42,"s:101:8:101:Infinity":43,"f:104:4:104:17":8,"s:106:29:106:101":44,"s:108:8:138:Infinity":45,"f:108:29:108:36":9,"s:109:33:109:34":46,"s:110:29:110:34":47,"s:112:12:115:Infinity":48,"f:112:51:112:52":10,"s:113:16:113:Infinity":49,"s:114:16:114:Infinity":50,"s:117:12:119:Infinity":51,"f:117:50:117:51":11,"s:118:16:118:Infinity":52,"s:121:12:137:Infinity":53,"f:121:49:121:50":12,"s:122:38:122:65":54,"b:124:16:136:Infinity:undefined:undefined:undefined:undefined":11,"s:124:16:136:Infinity":55,"b:124:20:124:31:124:35:124:54":12,"s:126:20:126:Infinity":56,"s:127:20:127:Infinity":57,"s:129:39:133:22":58,"s:135:20:135:Infinity":59,"f:141:4:141:20":13,"s:143:30:143:64":60,"s:145:8:153:Infinity":61,"f:145:30:145:35":14,"s:146:12:148:Infinity":62,"f:146:43:146:44":15,"s:147:16:147:Infinity":63,"s:150:12:152:Infinity":64,"f:150:44:150:45":16,"s:151:16:151:Infinity":65,"s:156:41:172:9":66,"f:156:41:156:42":17,"s:157:12:157:Infinity":67,"s:160:12:167:Infinity":68,"f:160:34:160:39":18,"s:161:16:166:Infinity":69,"f:161:34:161:35":19,"s:162:20:162:Infinity":70,"s:163:20:163:Infinity":71,"f:164:25:164:30":20,"s:165:20:165:Infinity":72,"s:170:12:170:Infinity":73,"s:171:12:171:Infinity":74,"s:175:8:175:Infinity":75,"s:176:8:176:Infinity":76,"f:179:4:179:18":21,"s:181:40:191:9":77,"f:181:40:181:41":22,"s:182:12:190:Infinity":78,"f:182:23:182:24":23,"s:184:16:184:Infinity":79,"s:185:16:185:43":80,"s:186:16:186:Infinity":81,"s:189:16:189:Infinity":82,"s:193:8:193:Infinity":83,"s:194:8:194:Infinity":84,"f:197:4:197:18":24,"b:199:8:208:Infinity:undefined:undefined:undefined:undefined":13,"s:199:8:208:Infinity":85,"s:201:12:201:Infinity":86,"s:204:29:204:63":87,"b:205:12:207:Infinity:undefined:undefined:undefined:undefined":14,"s:205:12:207:Infinity":88,"s:206:16:206:Infinity":89,"f:211:4:211:16":25,"s:212:8:212:Infinity":90,"s:215:26:215:62":91,"b:216:8:222:Infinity:undefined:undefined:undefined:undefined":15,"s:216:8:222:Infinity":92,"s:217:12:217:Infinity":93,"s:218:12:218:Infinity":94,"s:219:12:219:Infinity":95,"s:220:12:220:Infinity":96,"s:221:12:221:Infinity":97,"s:225:22:225:53":98,"s:226:8:237:Infinity":99,"s:238:8:238:Infinity":100,"f:241:4:241:16":26,"s:242:8:242:Infinity":101,"s:245:30:245:64":102,"s:247:8:259:Infinity":103,"f:247:30:247:35":27,"s:248:12:248:Infinity":104,"s:249:12:249:31":105,"s:252:12:258:Infinity":106,"f:252:44:252:45":28,"s:253:16:253:Infinity":107,"s:255:16:257:Infinity":108,"f:255:27:255:28":29,"s:256:20:256:Infinity":109,"f:262:4:262:18":30,"s:263:8:263:Infinity":110,"s:266:31:266:51":111,"b:267:8:284:Infinity:undefined:undefined:undefined:undefined":16,"s:267:8:284:Infinity":112,"s:268:12:268:Infinity":113,"s:271:26:271:57":114,"s:272:12:282:Infinity":115,"s:283:12:283:Infinity":116,"f:287:4:287:27":31,"b:289:8:291:Infinity:undefined:undefined:undefined:undefined":17,"s:289:8:291:Infinity":117,"b:289:12:289:47:289:51:289:92":18,"s:290:12:290:Infinity":118,"b:294:8:303:Infinity:undefined:undefined:undefined:undefined":19,"s:294:8:303:Infinity":119,"s:295:39:299:13":120,"f:295:39:295:40":32,"b:296:16:298:Infinity:undefined:undefined:undefined:undefined":20,"s:296:16:298:Infinity":121,"b:296:20:296:39:296:43:296:84":21,"s:297:20:297:Infinity":122,"s:301:12:301:Infinity":123,"s:302:12:302:Infinity":124,"f:306:4:306:26":33,"s:308:36:319:9":125,"f:308:36:308:37":34,"s:309:29:309:65":126,"b:310:12:318:Infinity:undefined:undefined:undefined:undefined":22,"s:310:12:318:Infinity":127,"s:312:16:317:Infinity":128,"f:312:56:312:57":35,"b:314:20:316:Infinity:undefined:undefined:undefined:undefined":23,"s:314:20:316:Infinity":129,"s:315:24:315:Infinity":130,"b:321:8:325:Infinity:323:15:325:Infinity":24,"s:321:8:325:Infinity":131,"s:322:12:322:Infinity":132,"s:324:12:324:Infinity":133,"f:328:4:328:32":36,"b:330:8:342:Infinity:undefined:undefined:undefined:undefined":25,"s:330:8:342:Infinity":134,"b:330:12:330:30:330:34:330:59":26,"s:331:32:339:13":135,"f:331:32:331:33":37,"s:332:31:332:56":136,"s:333:36:333:82":137,"b:335:16:338:Infinity:undefined:undefined:undefined:undefined":27,"s:335:16:338:Infinity":138,"s:336:20:336:Infinity":139,"s:337:20:337:Infinity":140,"s:341:12:341:44":141,"f:345:4:345:24":38,"s:347:8:347:Infinity":142,"s:350:22:350:53":143,"s:351:8:359:Infinity":144,"s:360:8:360:Infinity":145,"f:363:4:363:22":39,"s:365:8:373:Infinity":146,"f:365:41:365:42":40,"s:366:12:366:Infinity":147,"b:369:12:372:Infinity:undefined:undefined:undefined:undefined":28,"s:369:12:372:Infinity":148,"s:370:16:370:Infinity":149,"s:371:16:371:Infinity":150,"s:376:8:384:Infinity":151,"f:376:54:376:55":41,"s:377:12:377:Infinity":152,"b:380:12:383:Infinity:undefined:undefined:undefined:undefined":29,"s:380:12:383:Infinity":153,"b:380:16:380:56:380:60:380:101":30,"s:381:16:381:Infinity":154,"s:382:16:382:Infinity":155,"f:387:4:387:16":42,"s:389:30:389:64":156,"s:391:8:393:Infinity":157,"f:391:30:391:35":43,"s:392:12:392:Infinity":158,"b:396:8:400:Infinity:undefined:undefined:undefined:undefined":31,"s:396:8:400:Infinity":159,"s:397:12:399:Infinity":160,"f:397:23:397:24":44,"s:398:16:398:Infinity":161,"f:404:4:404:24":45,"s:405:24:414:9":162,"b:410:32:410:51:410:55:410:80":32,"b:412:30:412:53:412:57:412:58":33,"s:416:8:416:Infinity":163,"s:417:8:417:Infinity":164,"s:422:0:427:Infinity":165,"f:422:46:422:47":46,"s:423:4:423:Infinity":166,"s:426:4:426:Infinity":167,"b:433:0:435:Infinity:undefined:undefined:undefined:undefined":34,"s:433:0:435:Infinity":168,"s:434:4:434:Infinity":169}}}
,"/home/ewaldt/Documents/VS/GAMES/Phonics-Fun/js/audio-manager.js": {"path":"/home/ewaldt/Documents/VS/GAMES/Phonics-Fun/js/audio-manager.js","statementMap":{"0":{"start":{"line":9,"column":8},"end":{"line":9,"column":null}},"1":{"start":{"line":10,"column":8},"end":{"line":10,"column":null}},"2":{"start":{"line":11,"column":8},"end":{"line":11,"column":null}},"3":{"start":{"line":12,"column":8},"end":{"line":12,"column":null}},"4":{"start":{"line":13,"column":8},"end":{"line":13,"column":null}},"5":{"start":{"line":14,"column":8},"end":{"line":14,"column":null}},"6":{"start":{"line":15,"column":8},"end":{"line":15,"column":null}},"7":{"start":{"line":16,"column":8},"end":{"line":16,"column":null}},"8":{"start":{"line":17,"column":8},"end":{"line":17,"column":null}},"9":{"start":{"line":20,"column":8},"end":{"line":20,"column":null}},"10":{"start":{"line":21,"column":8},"end":{"line":21,"column":null}},"11":{"start":{"line":22,"column":8},"end":{"line":22,"column":null}},"12":{"start":{"line":23,"column":8},"end":{"line":23,"column":null}},"13":{"start":{"line":24,"column":8},"end":{"line":24,"column":null}},"14":{"start":{"line":25,"column":8},"end":{"line":25,"column":null}},"15":{"start":{"line":26,"column":8},"end":{"line":26,"column":null}},"16":{"start":{"line":29,"column":8},"end":{"line":33,"column":null}},"17":{"start":{"line":36,"column":8},"end":{"line":36,"column":53}},"18":{"start":{"line":37,"column":8},"end":{"line":40,"column":null}},"19":{"start":{"line":43,"column":8},"end":{"line":43,"column":null}},"20":{"start":{"line":47,"column":8},"end":{"line":47,"column":null}},"21":{"start":{"line":50,"column":8},"end":{"line":72,"column":null}},"22":{"start":{"line":51,"column":12},"end":{"line":51,"column":null}},"23":{"start":{"line":54,"column":12},"end":{"line":54,"column":null}},"24":{"start":{"line":55,"column":12},"end":{"line":55,"column":null}},"25":{"start":{"line":56,"column":12},"end":{"line":56,"column":null}},"26":{"start":{"line":57,"column":12},"end":{"line":57,"column":null}},"27":{"start":{"line":60,"column":12},"end":{"line":60,"column":null}},"28":{"start":{"line":61,"column":12},"end":{"line":61,"column":null}},"29":{"start":{"line":62,"column":12},"end":{"line":62,"column":null}},"30":{"start":{"line":63,"column":12},"end":{"line":63,"column":null}},"31":{"start":{"line":66,"column":12},"end":{"line":66,"column":null}},"32":{"start":{"line":68,"column":12},"end":{"line":68,"column":null}},"33":{"start":{"line":70,"column":12},"end":{"line":70,"column":null}},"34":{"start":{"line":71,"column":12},"end":{"line":71,"column":null}},"35":{"start":{"line":75,"column":8},"end":{"line":83,"column":null}},"36":{"start":{"line":76,"column":34},"end":{"line":79,"column":13}},"37":{"start":{"line":77,"column":16},"end":{"line":77,"column":null}},"38":{"start":{"line":78,"column":16},"end":{"line":78,"column":null}},"39":{"start":{"line":81,"column":12},"end":{"line":81,"column":null}},"40":{"start":{"line":82,"column":12},"end":{"line":82,"column":null}},"41":{"start":{"line":86,"column":8},"end":{"line":86,"column":null}},"42":{"start":{"line":90,"column":8},"end":{"line":92,"column":null}},"43":{"start":{"line":91,"column":12},"end":{"line":91,"column":null}},"44":{"start":{"line":94,"column":8},"end":{"line":97,"column":null}},"45":{"start":{"line":95,"column":12},"end":{"line":95,"column":null}},"46":{"start":{"line":96,"column":12},"end":{"line":96,"column":null}},"47":{"start":{"line":101,"column":37},"end":{"line":101,"column":102}},"48":{"start":{"line":102,"column":8},"end":{"line":102,"column":null}},"49":{"start":{"line":104,"column":8},"end":{"line":104,"column":null}},"50":{"start":{"line":105,"column":8},"end":{"line":105,"column":null}},"51":{"start":{"line":106,"column":8},"end":{"line":106,"column":null}},"52":{"start":{"line":107,"column":8},"end":{"line":107,"column":null}},"53":{"start":{"line":108,"column":8},"end":{"line":108,"column":null}},"54":{"start":{"line":112,"column":37},"end":{"line":112,"column":73}},"55":{"start":{"line":113,"column":33},"end":{"line":114,"column":53}},"56":{"start":{"line":114,"column":22},"end":{"line":114,"column":52}},"57":{"start":{"line":116,"column":8},"end":{"line":119,"column":null}},"58":{"start":{"line":117,"column":12},"end":{"line":117,"column":null}},"59":{"start":{"line":118,"column":12},"end":{"line":118,"column":null}},"60":{"start":{"line":120,"column":8},"end":{"line":120,"column":null}},"61":{"start":{"line":124,"column":8},"end":{"line":124,"column":null}},"62":{"start":{"line":128,"column":8},"end":{"line":128,"column":null}},"63":{"start":{"line":132,"column":8},"end":{"line":134,"column":null}},"64":{"start":{"line":133,"column":12},"end":{"line":133,"column":null}},"65":{"start":{"line":136,"column":8},"end":{"line":138,"column":null}},"66":{"start":{"line":137,"column":12},"end":{"line":137,"column":null}},"67":{"start":{"line":140,"column":29},"end":{"line":142,"column":9}},"68":{"start":{"line":141,"column":12},"end":{"line":141,"column":null}},"69":{"start":{"line":144,"column":8},"end":{"line":175,"column":null}},"70":{"start":{"line":145,"column":32},"end":{"line":171,"column":38}},"71":{"start":{"line":147,"column":20},"end":{"line":149,"column":null}},"72":{"start":{"line":148,"column":24},"end":{"line":148,"column":null}},"73":{"start":{"line":150,"column":20},"end":{"line":150,"column":null}},"74":{"start":{"line":152,"column":37},"end":{"line":152,"column":83}},"75":{"start":{"line":154,"column":20},"end":{"line":159,"column":null}},"76":{"start":{"line":160,"column":20},"end":{"line":160,"column":null}},"77":{"start":{"line":163,"column":20},"end":{"line":163,"column":null}},"78":{"start":{"line":165,"column":20},"end":{"line":167,"column":null}},"79":{"start":{"line":166,"column":24},"end":{"line":166,"column":null}},"80":{"start":{"line":169,"column":20},"end":{"line":169,"column":null}},"81":{"start":{"line":173,"column":12},"end":{"line":173,"column":null}},"82":{"start":{"line":174,"column":12},"end":{"line":174,"column":null}},"83":{"start":{"line":177,"column":28},"end":{"line":178,"column":34}},"84":{"start":{"line":179,"column":8},"end":{"line":179,"column":null}},"85":{"start":{"line":180,"column":8},"end":{"line":180,"column":null}},"86":{"start":{"line":184,"column":8},"end":{"line":186,"column":null}},"87":{"start":{"line":185,"column":12},"end":{"line":185,"column":null}},"88":{"start":{"line":188,"column":22},"end":{"line":188,"column":33}},"89":{"start":{"line":189,"column":8},"end":{"line":189,"column":null}},"90":{"start":{"line":191,"column":8},"end":{"line":193,"column":null}},"91":{"start":{"line":192,"column":12},"end":{"line":192,"column":null}},"92":{"start":{"line":195,"column":28},"end":{"line":218,"column":10}},"93":{"start":{"line":196,"column":12},"end":{"line":199,"column":null}},"94":{"start":{"line":197,"column":16},"end":{"line":197,"column":null}},"95":{"start":{"line":198,"column":16},"end":{"line":198,"column":null}},"96":{"start":{"line":201,"column":12},"end":{"line":204,"column":null}},"97":{"start":{"line":202,"column":16},"end":{"line":202,"column":null}},"98":{"start":{"line":203,"column":16},"end":{"line":203,"column":null}},"99":{"start":{"line":206,"column":12},"end":{"line":206,"column":null}},"100":{"start":{"line":208,"column":12},"end":{"line":217,"column":null}},"101":{"start":{"line":209,"column":16},"end":{"line":209,"column":null}},"102":{"start":{"line":210,"column":19},"end":{"line":217,"column":null}},"103":{"start":{"line":211,"column":16},"end":{"line":211,"column":null}},"104":{"start":{"line":213,"column":16},"end":{"line":216,"column":null}},"105":{"start":{"line":220,"column":8},"end":{"line":220,"column":null}},"106":{"start":{"line":224,"column":8},"end":{"line":224,"column":null}},"107":{"start":{"line":227,"column":8},"end":{"line":227,"column":null}},"108":{"start":{"line":227,"column":26},"end":{"line":227,"column":null}},"109":{"start":{"line":230,"column":8},"end":{"line":233,"column":null}},"110":{"start":{"line":231,"column":12},"end":{"line":231,"column":null}},"111":{"start":{"line":232,"column":12},"end":{"line":232,"column":null}},"112":{"start":{"line":235,"column":26},"end":{"line":237,"column":63}},"113":{"start":{"line":239,"column":8},"end":{"line":243,"column":null}},"114":{"start":{"line":241,"column":12},"end":{"line":241,"column":null}},"115":{"start":{"line":242,"column":12},"end":{"line":242,"column":null}},"116":{"start":{"line":245,"column":8},"end":{"line":254,"column":null}},"117":{"start":{"line":246,"column":12},"end":{"line":252,"column":null}},"118":{"start":{"line":247,"column":16},"end":{"line":251,"column":null}},"119":{"start":{"line":248,"column":20},"end":{"line":248,"column":null}},"120":{"start":{"line":249,"column":23},"end":{"line":251,"column":null}},"121":{"start":{"line":250,"column":20},"end":{"line":250,"column":null}},"122":{"start":{"line":253,"column":12},"end":{"line":253,"column":null}},"123":{"start":{"line":257,"column":8},"end":{"line":291,"column":null}},"124":{"start":{"line":258,"column":26},"end":{"line":258,"column":45}},"125":{"start":{"line":259,"column":12},"end":{"line":290,"column":null}},"126":{"start":{"line":261,"column":16},"end":{"line":267,"column":null}},"127":{"start":{"line":262,"column":20},"end":{"line":266,"column":null}},"128":{"start":{"line":263,"column":24},"end":{"line":263,"column":null}},"129":{"start":{"line":270,"column":31},"end":{"line":270,"column":69}},"130":{"start":{"line":271,"column":16},"end":{"line":271,"column":null}},"131":{"start":{"line":272,"column":16},"end":{"line":272,"column":null}},"132":{"start":{"line":275,"column":16},"end":{"line":281,"column":null}},"133":{"start":{"line":276,"column":20},"end":{"line":276,"column":null}},"134":{"start":{"line":277,"column":23},"end":{"line":281,"column":null}},"135":{"start":{"line":278,"column":20},"end":{"line":278,"column":null}},"136":{"start":{"line":280,"column":20},"end":{"line":280,"column":null}},"137":{"start":{"line":284,"column":16},"end":{"line":284,"column":null}},"138":{"start":{"line":287,"column":16},"end":{"line":287,"column":null}},"139":{"start":{"line":288,"column":16},"end":{"line":288,"column":null}},"140":{"start":{"line":289,"column":16},"end":{"line":289,"column":null}},"141":{"start":{"line":294,"column":8},"end":{"line":326,"column":null}},"142":{"start":{"line":295,"column":12},"end":{"line":295,"column":null}},"143":{"start":{"line":296,"column":12},"end":{"line":296,"column":null}},"144":{"start":{"line":297,"column":12},"end":{"line":299,"column":null}},"145":{"start":{"line":298,"column":16},"end":{"line":298,"column":null}},"146":{"start":{"line":300,"column":15},"end":{"line":326,"column":null}},"147":{"start":{"line":301,"column":26},"end":{"line":301,"column":45}},"148":{"start":{"line":302,"column":12},"end":{"line":302,"column":null}},"149":{"start":{"line":303,"column":12},"end":{"line":303,"column":null}},"150":{"start":{"line":304,"column":12},"end":{"line":306,"column":null}},"151":{"start":{"line":305,"column":16},"end":{"line":305,"column":null}},"152":{"start":{"line":307,"column":15},"end":{"line":326,"column":null}},"153":{"start":{"line":308,"column":26},"end":{"line":308,"column":45}},"154":{"start":{"line":309,"column":12},"end":{"line":309,"column":null}},"155":{"start":{"line":310,"column":12},"end":{"line":310,"column":null}},"156":{"start":{"line":311,"column":12},"end":{"line":313,"column":null}},"157":{"start":{"line":312,"column":16},"end":{"line":312,"column":null}},"158":{"start":{"line":316,"column":33},"end":{"line":316,"column":60}},"159":{"start":{"line":317,"column":12},"end":{"line":325,"column":null}},"160":{"start":{"line":318,"column":16},"end":{"line":318,"column":null}},"161":{"start":{"line":319,"column":16},"end":{"line":319,"column":null}},"162":{"start":{"line":320,"column":16},"end":{"line":322,"column":null}},"163":{"start":{"line":321,"column":20},"end":{"line":321,"column":null}},"164":{"start":{"line":324,"column":16},"end":{"line":324,"column":null}},"165":{"start":{"line":331,"column":8},"end":{"line":341,"column":null}},"166":{"start":{"line":332,"column":26},"end":{"line":332,"column":45}},"167":{"start":{"line":333,"column":12},"end":{"line":340,"column":null}},"168":{"start":{"line":334,"column":16},"end":{"line":339,"column":null}},"169":{"start":{"line":335,"column":20},"end":{"line":335,"column":null}},"170":{"start":{"line":336,"column":20},"end":{"line":336,"column":null}},"171":{"start":{"line":344,"column":8},"end":{"line":362,"column":null}},"172":{"start":{"line":345,"column":12},"end":{"line":345,"column":null}},"173":{"start":{"line":346,"column":12},"end":{"line":346,"column":null}},"174":{"start":{"line":347,"column":15},"end":{"line":362,"column":null}},"175":{"start":{"line":348,"column":26},"end":{"line":348,"column":45}},"176":{"start":{"line":349,"column":12},"end":{"line":349,"column":null}},"177":{"start":{"line":350,"column":12},"end":{"line":350,"column":null}},"178":{"start":{"line":351,"column":15},"end":{"line":362,"column":null}},"179":{"start":{"line":352,"column":26},"end":{"line":352,"column":45}},"180":{"start":{"line":353,"column":12},"end":{"line":353,"column":null}},"181":{"start":{"line":354,"column":12},"end":{"line":354,"column":null}},"182":{"start":{"line":357,"column":33},"end":{"line":357,"column":60}},"183":{"start":{"line":358,"column":12},"end":{"line":361,"column":null}},"184":{"start":{"line":359,"column":16},"end":{"line":359,"column":null}},"185":{"start":{"line":360,"column":16},"end":{"line":360,"column":null}},"186":{"start":{"line":367,"column":8},"end":{"line":378,"column":null}},"187":{"start":{"line":368,"column":12},"end":{"line":377,"column":null}},"188":{"start":{"line":369,"column":16},"end":{"line":376,"column":null}},"189":{"start":{"line":370,"column":20},"end":{"line":375,"column":null}},"190":{"start":{"line":371,"column":24},"end":{"line":371,"column":null}},"191":{"start":{"line":372,"column":24},"end":{"line":372,"column":null}},"192":{"start":{"line":381,"column":8},"end":{"line":384,"column":null}},"193":{"start":{"line":382,"column":12},"end":{"line":382,"column":null}},"194":{"start":{"line":383,"column":12},"end":{"line":383,"column":null}},"195":{"start":{"line":386,"column":8},"end":{"line":389,"column":null}},"196":{"start":{"line":387,"column":12},"end":{"line":387,"column":null}},"197":{"start":{"line":388,"column":12},"end":{"line":388,"column":null}},"198":{"start":{"line":391,"column":8},"end":{"line":396,"column":null}},"199":{"start":{"line":392,"column":12},"end":{"line":395,"column":null}},"200":{"start":{"line":393,"column":16},"end":{"line":393,"column":null}},"201":{"start":{"line":394,"column":16},"end":{"line":394,"column":null}},"202":{"start":{"line":399,"column":8},"end":{"line":402,"column":null}},"203":{"start":{"line":400,"column":12},"end":{"line":400,"column":null}},"204":{"start":{"line":401,"column":12},"end":{"line":401,"column":null}},"205":{"start":{"line":406,"column":8},"end":{"line":406,"column":48}},"206":{"start":{"line":408,"column":8},"end":{"line":431,"column":null}},"207":{"start":{"line":409,"column":12},"end":{"line":409,"column":null}},"208":{"start":{"line":410,"column":12},"end":{"line":412,"column":null}},"209":{"start":{"line":411,"column":16},"end":{"line":411,"column":null}},"210":{"start":{"line":413,"column":15},"end":{"line":431,"column":null}},"211":{"start":{"line":414,"column":12},"end":{"line":414,"column":null}},"212":{"start":{"line":415,"column":12},"end":{"line":417,"column":null}},"213":{"start":{"line":416,"column":16},"end":{"line":416,"column":null}},"214":{"start":{"line":418,"column":12},"end":{"line":420,"column":null}},"215":{"start":{"line":419,"column":16},"end":{"line":419,"column":null}},"216":{"start":{"line":421,"column":15},"end":{"line":431,"column":null}},"217":{"start":{"line":422,"column":12},"end":{"line":422,"column":null}},"218":{"start":{"line":423,"column":12},"end":{"line":425,"column":null}},"219":{"start":{"line":424,"column":16},"end":{"line":424,"column":null}},"220":{"start":{"line":426,"column":15},"end":{"line":431,"column":null}},"221":{"start":{"line":427,"column":12},"end":{"line":427,"column":null}},"222":{"start":{"line":428,"column":12},"end":{"line":430,"column":null}},"223":{"start":{"line":429,"column":16},"end":{"line":429,"column":null}},"224":{"start":{"line":435,"column":8},"end":{"line":435,"column":null}},"225":{"start":{"line":436,"column":8},"end":{"line":436,"column":null}},"226":{"start":{"line":437,"column":8},"end":{"line":437,"column":null}},"227":{"start":{"line":441,"column":29},"end":{"line":441,"column":49}},"228":{"start":{"line":444,"column":8},"end":{"line":446,"column":null}},"229":{"start":{"line":445,"column":12},"end":{"line":445,"column":null}},"230":{"start":{"line":447,"column":8},"end":{"line":449,"column":null}},"231":{"start":{"line":448,"column":12},"end":{"line":448,"column":null}},"232":{"start":{"line":450,"column":8},"end":{"line":452,"column":null}},"233":{"start":{"line":451,"column":12},"end":{"line":451,"column":null}},"234":{"start":{"line":453,"column":8},"end":{"line":455,"column":null}},"235":{"start":{"line":454,"column":12},"end":{"line":454,"column":null}},"236":{"start":{"line":458,"column":8},"end":{"line":460,"column":null}},"237":{"start":{"line":459,"column":12},"end":{"line":459,"column":null}},"238":{"start":{"line":462,"column":8},"end":{"line":464,"column":null}},"239":{"start":{"line":463,"column":12},"end":{"line":463,"column":null}},"240":{"start":{"line":466,"column":8},"end":{"line":473,"column":null}},"241":{"start":{"line":467,"column":12},"end":{"line":472,"column":null}},"242":{"start":{"line":468,"column":16},"end":{"line":471,"column":null}},"243":{"start":{"line":478,"column":8},"end":{"line":478,"column":null}},"244":{"start":{"line":478,"column":26},"end":{"line":478,"column":null}},"245":{"start":{"line":480,"column":8},"end":{"line":504,"column":null}},"246":{"start":{"line":482,"column":12},"end":{"line":482,"column":null}},"247":{"start":{"line":484,"column":30},"end":{"line":484,"column":64}},"248":{"start":{"line":487,"column":12},"end":{"line":487,"column":null}},"249":{"start":{"line":488,"column":12},"end":{"line":488,"column":null}},"250":{"start":{"line":489,"column":12},"end":{"line":489,"column":null}},"251":{"start":{"line":491,"column":27},"end":{"line":491,"column":49}},"252":{"start":{"line":492,"column":34},"end":{"line":492,"column":64}},"253":{"start":{"line":493,"column":12},"end":{"line":495,"column":null}},"254":{"start":{"line":494,"column":16},"end":{"line":494,"column":null}},"255":{"start":{"line":498,"column":12},"end":{"line":498,"column":null}},"256":{"start":{"line":500,"column":12},"end":{"line":500,"column":null}},"257":{"start":{"line":502,"column":12},"end":{"line":502,"column":null}},"258":{"start":{"line":503,"column":12},"end":{"line":503,"column":null}},"259":{"start":{"line":508,"column":8},"end":{"line":508,"column":null}},"260":{"start":{"line":508,"column":41},"end":{"line":508,"column":null}},"261":{"start":{"line":509,"column":23},"end":{"line":509,"column":57}},"262":{"start":{"line":510,"column":8},"end":{"line":513,"column":null}},"263":{"start":{"line":511,"column":12},"end":{"line":511,"column":null}},"264":{"start":{"line":512,"column":12},"end":{"line":512,"column":null}},"265":{"start":{"line":514,"column":8},"end":{"line":514,"column":null}},"266":{"start":{"line":518,"column":21},"end":{"line":518,"column":33}},"267":{"start":{"line":519,"column":22},"end":{"line":519,"column":58}},"268":{"start":{"line":519,"column":31},"end":{"line":519,"column":58}},"269":{"start":{"line":520,"column":24},"end":{"line":520,"column":88}},"270":{"start":{"line":520,"column":43},"end":{"line":520,"column":88}},"271":{"start":{"line":520,"column":58},"end":{"line":520,"column":87}},"272":{"start":{"line":520,"column":81},"end":{"line":520,"column":86}},"273":{"start":{"line":522,"column":8},"end":{"line":527,"column":null}},"274":{"start":{"line":523,"column":12},"end":{"line":526,"column":null}},"275":{"start":{"line":529,"column":8},"end":{"line":532,"column":null}},"276":{"start":{"line":536,"column":21},"end":{"line":536,"column":46}},"277":{"start":{"line":537,"column":27},"end":{"line":537,"column":47}},"278":{"start":{"line":539,"column":8},"end":{"line":543,"column":null}},"279":{"start":{"line":540,"column":12},"end":{"line":542,"column":null}},"280":{"start":{"line":541,"column":16},"end":{"line":541,"column":null}},"281":{"start":{"line":545,"column":8},"end":{"line":545,"column":null}},"282":{"start":{"line":550,"column":8},"end":{"line":550,"column":null}},"283":{"start":{"line":550,"column":48},"end":{"line":550,"column":null}},"284":{"start":{"line":552,"column":25},"end":{"line":552,"column":28}},"285":{"start":{"line":553,"column":27},"end":{"line":553,"column":55}},"286":{"start":{"line":554,"column":23},"end":{"line":554,"column":91}},"287":{"start":{"line":555,"column":21},"end":{"line":555,"column":45}},"288":{"start":{"line":557,"column":8},"end":{"line":562,"column":null}},"289":{"start":{"line":557,"column":21},"end":{"line":557,"column":22}},"290":{"start":{"line":558,"column":22},"end":{"line":558,"column":36}},"291":{"start":{"line":559,"column":29},"end":{"line":559,"column":45}},"292":{"start":{"line":560,"column":26},"end":{"line":560,"column":51}},"293":{"start":{"line":561,"column":12},"end":{"line":561,"column":null}},"294":{"start":{"line":564,"column":23},"end":{"line":564,"column":61}},"295":{"start":{"line":565,"column":8},"end":{"line":565,"column":null}},"296":{"start":{"line":566,"column":8},"end":{"line":566,"column":null}},"297":{"start":{"line":567,"column":8},"end":{"line":567,"column":null}},"298":{"start":{"line":569,"column":8},"end":{"line":569,"column":null}},"299":{"start":{"line":573,"column":8},"end":{"line":573,"column":null}},"300":{"start":{"line":573,"column":48},"end":{"line":573,"column":null}},"301":{"start":{"line":575,"column":25},"end":{"line":575,"column":28}},"302":{"start":{"line":576,"column":27},"end":{"line":576,"column":55}},"303":{"start":{"line":577,"column":23},"end":{"line":577,"column":91}},"304":{"start":{"line":578,"column":21},"end":{"line":578,"column":45}},"305":{"start":{"line":582,"column":8},"end":{"line":588,"column":null}},"306":{"start":{"line":584,"column":16},"end":{"line":584,"column":32}},"307":{"start":{"line":585,"column":16},"end":{"line":585,"column":null}},"308":{"start":{"line":587,"column":16},"end":{"line":587,"column":32}},"309":{"start":{"line":590,"column":8},"end":{"line":598,"column":null}},"310":{"start":{"line":590,"column":21},"end":{"line":590,"column":22}},"311":{"start":{"line":591,"column":22},"end":{"line":591,"column":36}},"312":{"start":{"line":592,"column":29},"end":{"line":592,"column":71}},"313":{"start":{"line":594,"column":32},"end":{"line":596,"column":68}},"314":{"start":{"line":597,"column":12},"end":{"line":597,"column":null}},"315":{"start":{"line":600,"column":23},"end":{"line":600,"column":61}},"316":{"start":{"line":601,"column":8},"end":{"line":601,"column":null}},"317":{"start":{"line":602,"column":8},"end":{"line":602,"column":null}},"318":{"start":{"line":603,"column":8},"end":{"line":603,"column":null}},"319":{"start":{"line":605,"column":8},"end":{"line":605,"column":null}},"320":{"start":{"line":610,"column":8},"end":{"line":612,"column":null}},"321":{"start":{"line":611,"column":12},"end":{"line":611,"column":null}},"322":{"start":{"line":614,"column":8},"end":{"line":616,"column":null}},"323":{"start":{"line":615,"column":12},"end":{"line":615,"column":null}},"324":{"start":{"line":618,"column":8},"end":{"line":620,"column":null}},"325":{"start":{"line":619,"column":12},"end":{"line":619,"column":null}},"326":{"start":{"line":623,"column":30},"end":{"line":623,"column":67}},"327":{"start":{"line":624,"column":8},"end":{"line":626,"column":null}},"328":{"start":{"line":625,"column":12},"end":{"line":625,"column":null}},"329":{"start":{"line":628,"column":8},"end":{"line":628,"column":null}},"330":{"start":{"line":633,"column":30},"end":{"line":633,"column":64}},"331":{"start":{"line":634,"column":8},"end":{"line":636,"column":null}},"332":{"start":{"line":635,"column":12},"end":{"line":635,"column":null}},"333":{"start":{"line":641,"column":8},"end":{"line":641,"column":null}},"334":{"start":{"line":643,"column":8},"end":{"line":649,"column":null}},"335":{"start":{"line":644,"column":12},"end":{"line":648,"column":null}},"336":{"start":{"line":645,"column":16},"end":{"line":645,"column":null}},"337":{"start":{"line":647,"column":16},"end":{"line":647,"column":null}},"338":{"start":{"line":657,"column":8},"end":{"line":659,"column":null}},"339":{"start":{"line":658,"column":12},"end":{"line":658,"column":null}},"340":{"start":{"line":662,"column":8},"end":{"line":666,"column":null}},"341":{"start":{"line":663,"column":12},"end":{"line":665,"column":null}},"342":{"start":{"line":664,"column":16},"end":{"line":664,"column":null}},"343":{"start":{"line":669,"column":8},"end":{"line":673,"column":null}},"344":{"start":{"line":670,"column":12},"end":{"line":672,"column":null}},"345":{"start":{"line":671,"column":16},"end":{"line":671,"column":null}},"346":{"start":{"line":675,"column":8},"end":{"line":675,"column":null}},"347":{"start":{"line":683,"column":8},"end":{"line":687,"column":null}},"348":{"start":{"line":684,"column":12},"end":{"line":686,"column":null}},"349":{"start":{"line":685,"column":16},"end":{"line":685,"column":null}},"350":{"start":{"line":689,"column":8},"end":{"line":689,"column":null}},"351":{"start":{"line":694,"column":8},"end":{"line":694,"column":null}},"352":{"start":{"line":703,"column":8},"end":{"line":714,"column":null}},"353":{"start":{"line":704,"column":12},"end":{"line":704,"column":null}},"354":{"start":{"line":705,"column":15},"end":{"line":714,"column":null}},"355":{"start":{"line":706,"column":12},"end":{"line":706,"column":null}},"356":{"start":{"line":707,"column":15},"end":{"line":714,"column":null}},"357":{"start":{"line":708,"column":12},"end":{"line":708,"column":null}},"358":{"start":{"line":711,"column":12},"end":{"line":713,"column":null}},"359":{"start":{"line":712,"column":16},"end":{"line":712,"column":null}},"360":{"start":{"line":716,"column":8},"end":{"line":716,"column":null}},"361":{"start":{"line":724,"column":8},"end":{"line":724,"column":null}},"362":{"start":{"line":728,"column":8},"end":{"line":728,"column":null}},"363":{"start":{"line":732,"column":8},"end":{"line":732,"column":null}},"364":{"start":{"line":736,"column":8},"end":{"line":738,"column":null}},"365":{"start":{"line":737,"column":12},"end":{"line":737,"column":null}},"366":{"start":{"line":740,"column":27},"end":{"line":740,"column":85}},"367":{"start":{"line":741,"column":25},"end":{"line":746,"column":9}},"368":{"start":{"line":748,"column":8},"end":{"line":748,"column":null}},"369":{"start":{"line":752,"column":25},"end":{"line":772,"column":9}},"370":{"start":{"line":774,"column":8},"end":{"line":774,"column":null}},"371":{"start":{"line":778,"column":8},"end":{"line":780,"column":null}},"372":{"start":{"line":779,"column":12},"end":{"line":779,"column":null}},"373":{"start":{"line":782,"column":8},"end":{"line":784,"column":null}},"374":{"start":{"line":783,"column":12},"end":{"line":783,"column":null}},"375":{"start":{"line":786,"column":8},"end":{"line":788,"column":null}},"376":{"start":{"line":787,"column":12},"end":{"line":787,"column":null}},"377":{"start":{"line":790,"column":8},"end":{"line":792,"column":null}},"378":{"start":{"line":791,"column":12},"end":{"line":791,"column":null}},"379":{"start":{"line":794,"column":8},"end":{"line":796,"column":null}},"380":{"start":{"line":795,"column":12},"end":{"line":795,"column":null}},"381":{"start":{"line":798,"column":8},"end":{"line":798,"column":null}},"382":{"start":{"line":802,"column":8},"end":{"line":804,"column":null}},"383":{"start":{"line":803,"column":12},"end":{"line":803,"column":null}},"384":{"start":{"line":806,"column":8},"end":{"line":808,"column":null}},"385":{"start":{"line":807,"column":12},"end":{"line":807,"column":null}},"386":{"start":{"line":810,"column":8},"end":{"line":810,"column":null}},"387":{"start":{"line":814,"column":29},"end":{"line":814,"column":54}},"388":{"start":{"line":816,"column":8},"end":{"line":818,"column":null}},"389":{"start":{"line":817,"column":12},"end":{"line":817,"column":null}},"390":{"start":{"line":820,"column":26},"end":{"line":820,"column":57}},"391":{"start":{"line":821,"column":8},"end":{"line":823,"column":null}},"392":{"start":{"line":822,"column":12},"end":{"line":822,"column":null}},"393":{"start":{"line":825,"column":8},"end":{"line":825,"column":null}},"394":{"start":{"line":829,"column":28},"end":{"line":829,"column":48}},"395":{"start":{"line":830,"column":28},"end":{"line":830,"column":48}},"396":{"start":{"line":832,"column":25},"end":{"line":834,"column":9}},"397":{"start":{"line":836,"column":8},"end":{"line":838,"column":null}},"398":{"start":{"line":837,"column":12},"end":{"line":837,"column":null}},"399":{"start":{"line":840,"column":8},"end":{"line":840,"column":null}},"400":{"start":{"line":844,"column":8},"end":{"line":848,"column":null}},"401":{"start":{"line":845,"column":26},"end":{"line":845,"column":49}},"402":{"start":{"line":847,"column":16},"end":{"line":847,"column":null}},"403":{"start":{"line":850,"column":8},"end":{"line":850,"column":null}},"404":{"start":{"line":859,"column":0},"end":{"line":861,"column":null}},"405":{"start":{"line":860,"column":4},"end":{"line":860,"column":null}},"406":{"start":{"line":864,"column":0},"end":{"line":864,"column":null}}},"fnMap":{"0":{"name":"constructor","decl":{"start":{"line":8,"column":4},"end":{"line":8,"column":15}},"loc":{"start":{"line":8,"column":18},"end":{"line":44,"column":null}},"line":8},"1":{"name":"init","decl":{"start":{"line":46,"column":4},"end":{"line":46,"column":8}},"loc":{"start":{"line":46,"column":11},"end":{"line":87,"column":null}},"line":46},"2":{"name":"(anonymous_2)","decl":{"start":{"line":76,"column":34},"end":{"line":76,"column":35}},"loc":{"start":{"line":76,"column":40},"end":{"line":79,"column":13}},"line":76},"3":{"name":"loadAllSounds","decl":{"start":{"line":89,"column":4},"end":{"line":89,"column":17}},"loc":{"start":{"line":89,"column":20},"end":{"line":98,"column":null}},"line":89},"4":{"name":"loadVoiceTemplate","decl":{"start":{"line":100,"column":4},"end":{"line":100,"column":21}},"loc":{"start":{"line":100,"column":34},"end":{"line":109,"column":null}},"line":100},"5":{"name":"setVoiceTemplate","decl":{"start":{"line":111,"column":4},"end":{"line":111,"column":20}},"loc":{"start":{"line":111,"column":33},"end":{"line":121,"column":null}},"line":111},"6":{"name":"(anonymous_6)","decl":{"start":{"line":114,"column":17},"end":{"line":114,"column":18}},"loc":{"start":{"line":114,"column":22},"end":{"line":114,"column":52}},"line":114},"7":{"name":"getAvailableVoiceTemplates","decl":{"start":{"line":123,"column":4},"end":{"line":123,"column":30}},"loc":{"start":{"line":123,"column":33},"end":{"line":125,"column":null}},"line":123},"8":{"name":"getCurrentVoiceTemplate","decl":{"start":{"line":127,"column":4},"end":{"line":127,"column":27}},"loc":{"start":{"line":127,"column":30},"end":{"line":129,"column":null}},"line":127},"9":{"name":"loadSound","decl":{"start":{"line":131,"column":4},"end":{"line":131,"column":13}},"loc":{"start":{"line":131,"column":40},"end":{"line":181,"column":null}},"line":131},"10":{"name":"(anonymous_10)","decl":{"start":{"line":140,"column":29},"end":{"line":140,"column":30}},"loc":{"start":{"line":140,"column":35},"end":{"line":142,"column":9}},"line":140},"11":{"name":"(anonymous_11)","decl":{"start":{"line":146,"column":22},"end":{"line":146,"column":30}},"loc":{"start":{"line":146,"column":34},"end":{"line":151,"column":17}},"line":146},"12":{"name":"(anonymous_12)","decl":{"start":{"line":152,"column":22},"end":{"line":152,"column":33}},"loc":{"start":{"line":152,"column":37},"end":{"line":152,"column":83}},"line":152},"13":{"name":"(anonymous_13)","decl":{"start":{"line":153,"column":22},"end":{"line":153,"column":33}},"loc":{"start":{"line":153,"column":37},"end":{"line":161,"column":17}},"line":153},"14":{"name":"(anonymous_14)","decl":{"start":{"line":162,"column":23},"end":{"line":162,"column":28}},"loc":{"start":{"line":162,"column":32},"end":{"line":170,"column":17}},"line":162},"15":{"name":"loadFallbackSound","decl":{"start":{"line":183,"column":4},"end":{"line":183,"column":21}},"loc":{"start":{"line":183,"column":37},"end":{"line":221,"column":null}},"line":183},"16":{"name":"(anonymous_16)","decl":{"start":{"line":195,"column":40},"end":{"line":195,"column":41}},"loc":{"start":{"line":195,"column":61},"end":{"line":218,"column":9}},"line":195},"17":{"name":"(anonymous_17)","decl":{"start":{"line":196,"column":53},"end":{"line":196,"column":54}},"loc":{"start":{"line":196,"column":59},"end":{"line":199,"column":13}},"line":196},"18":{"name":"(anonymous_18)","decl":{"start":{"line":201,"column":44},"end":{"line":201,"column":45}},"loc":{"start":{"line":201,"column":51},"end":{"line":204,"column":13}},"line":201},"19":{"name":"play","decl":{"start":{"line":223,"column":4},"end":{"line":223,"column":8}},"loc":{"start":{"line":223,"column":13},"end":{"line":327,"column":null}},"line":223},"20":{"name":"(anonymous_20)","decl":{"start":{"line":246,"column":47},"end":{"line":246,"column":48}},"loc":{"start":{"line":246,"column":53},"end":{"line":252,"column":13}},"line":246},"21":{"name":"(anonymous_21)","decl":{"start":{"line":297,"column":46},"end":{"line":297,"column":47}},"loc":{"start":{"line":297,"column":51},"end":{"line":299,"column":13}},"line":297},"22":{"name":"(anonymous_22)","decl":{"start":{"line":304,"column":31},"end":{"line":304,"column":32}},"loc":{"start":{"line":304,"column":36},"end":{"line":306,"column":13}},"line":304},"23":{"name":"(anonymous_23)","decl":{"start":{"line":311,"column":37},"end":{"line":311,"column":38}},"loc":{"start":{"line":311,"column":42},"end":{"line":313,"column":13}},"line":311},"24":{"name":"(anonymous_24)","decl":{"start":{"line":320,"column":42},"end":{"line":320,"column":43}},"loc":{"start":{"line":320,"column":47},"end":{"line":322,"column":17}},"line":320},"25":{"name":"stop","decl":{"start":{"line":329,"column":4},"end":{"line":329,"column":8}},"loc":{"start":{"line":329,"column":13},"end":{"line":363,"column":null}},"line":329},"26":{"name":"stopAll","decl":{"start":{"line":365,"column":4},"end":{"line":365,"column":11}},"loc":{"start":{"line":365,"column":14},"end":{"line":403,"column":null}},"line":365},"27":{"name":"(anonymous_27)","decl":{"start":{"line":368,"column":32},"end":{"line":368,"column":33}},"loc":{"start":{"line":368,"column":48},"end":{"line":377,"column":13}},"line":368},"28":{"name":"(anonymous_28)","decl":{"start":{"line":386,"column":28},"end":{"line":386,"column":29}},"loc":{"start":{"line":386,"column":39},"end":{"line":389,"column":9}},"line":386},"29":{"name":"(anonymous_29)","decl":{"start":{"line":391,"column":28},"end":{"line":391,"column":29}},"loc":{"start":{"line":391,"column":39},"end":{"line":396,"column":9}},"line":391},"30":{"name":"(anonymous_30)","decl":{"start":{"line":399,"column":51},"end":{"line":399,"column":56}},"loc":{"start":{"line":399,"column":60},"end":{"line":402,"column":9}},"line":399},"31":{"name":"setVolume","decl":{"start":{"line":405,"column":4},"end":{"line":405,"column":13}},"loc":{"start":{"line":405,"column":27},"end":{"line":432,"column":null}},"line":405},"32":{"name":"toggleMute","decl":{"start":{"line":434,"column":4},"end":{"line":434,"column":14}},"loc":{"start":{"line":434,"column":17},"end":{"line":438,"column":null}},"line":434},"33":{"name":"updateVolumes","decl":{"start":{"line":440,"column":4},"end":{"line":440,"column":17}},"loc":{"start":{"line":440,"column":20},"end":{"line":474,"column":null}},"line":440},"34":{"name":"(anonymous_34)","decl":{"start":{"line":462,"column":28},"end":{"line":462,"column":29}},"loc":{"start":{"line":462,"column":39},"end":{"line":464,"column":9}},"line":462},"35":{"name":"(anonymous_35)","decl":{"start":{"line":466,"column":28},"end":{"line":466,"column":29}},"loc":{"start":{"line":466,"column":39},"end":{"line":473,"column":9}},"line":466},"36":{"name":"speak","decl":{"start":{"line":477,"column":4},"end":{"line":477,"column":9}},"loc":{"start":{"line":477,"column":30},"end":{"line":505,"column":null}},"line":477},"37":{"name":"getSpeechVoices","decl":{"start":{"line":507,"column":4},"end":{"line":507,"column":19}},"loc":{"start":{"line":507,"column":22},"end":{"line":515,"column":null}},"line":507},"38":{"name":"selectSpeechVoice","decl":{"start":{"line":517,"column":4},"end":{"line":517,"column":21}},"loc":{"start":{"line":517,"column":30},"end":{"line":533,"column":null}},"line":517},"39":{"name":"(anonymous_39)","decl":{"start":{"line":519,"column":22},"end":{"line":519,"column":27}},"loc":{"start":{"line":519,"column":31},"end":{"line":519,"column":58}},"line":519},"40":{"name":"(anonymous_40)","decl":{"start":{"line":520,"column":24},"end":{"line":520,"column":25}},"loc":{"start":{"line":520,"column":43},"end":{"line":520,"column":88}},"line":520},"41":{"name":"(anonymous_41)","decl":{"start":{"line":520,"column":53},"end":{"line":520,"column":54}},"loc":{"start":{"line":520,"column":58},"end":{"line":520,"column":87}},"line":520},"42":{"name":"(anonymous_42)","decl":{"start":{"line":520,"column":75},"end":{"line":520,"column":77}},"loc":{"start":{"line":520,"column":81},"end":{"line":520,"column":86}},"line":520},"43":{"name":"getVoiceFallbackText","decl":{"start":{"line":535,"column":4},"end":{"line":535,"column":24}},"loc":{"start":{"line":535,"column":29},"end":{"line":546,"column":null}},"line":535},"44":{"name":"generateExplosionSound","decl":{"start":{"line":549,"column":4},"end":{"line":549,"column":26}},"loc":{"start":{"line":549,"column":29},"end":{"line":570,"column":null}},"line":549},"45":{"name":"generatePhonemeSound","decl":{"start":{"line":572,"column":4},"end":{"line":572,"column":24}},"loc":{"start":{"line":572,"column":34},"end":{"line":606,"column":null}},"line":572},"46":{"name":"loadSettings","decl":{"start":{"line":609,"column":4},"end":{"line":609,"column":16}},"loc":{"start":{"line":609,"column":27},"end":{"line":629,"column":null}},"line":609},"47":{"name":"preloadAllAudio","decl":{"start":{"line":632,"column":4},"end":{"line":632,"column":19}},"loc":{"start":{"line":632,"column":22},"end":{"line":637,"column":null}},"line":632},"48":{"name":"(anonymous_48)","decl":{"start":{"line":634,"column":30},"end":{"line":634,"column":35}},"loc":{"start":{"line":634,"column":39},"end":{"line":636,"column":9}},"line":634},"49":{"name":"destroy","decl":{"start":{"line":640,"column":4},"end":{"line":640,"column":11}},"loc":{"start":{"line":640,"column":14},"end":{"line":650,"column":null}},"line":640},"50":{"name":"(anonymous_50)","decl":{"start":{"line":644,"column":43},"end":{"line":644,"column":44}},"loc":{"start":{"line":644,"column":49},"end":{"line":646,"column":13}},"line":644},"51":{"name":"(anonymous_51)","decl":{"start":{"line":646,"column":21},"end":{"line":646,"column":26}},"loc":{"start":{"line":646,"column":30},"end":{"line":648,"column":13}},"line":646},"52":{"name":"pauseAll","decl":{"start":{"line":655,"column":4},"end":{"line":655,"column":12}},"loc":{"start":{"line":655,"column":15},"end":{"line":676,"column":null}},"line":655},"53":{"name":"(anonymous_53)","decl":{"start":{"line":662,"column":28},"end":{"line":662,"column":33}},"loc":{"start":{"line":662,"column":37},"end":{"line":666,"column":9}},"line":662},"54":{"name":"(anonymous_54)","decl":{"start":{"line":669,"column":28},"end":{"line":669,"column":33}},"loc":{"start":{"line":669,"column":37},"end":{"line":673,"column":9}},"line":669},"55":{"name":"resumeAll","decl":{"start":{"line":681,"column":4},"end":{"line":681,"column":13}},"loc":{"start":{"line":681,"column":16},"end":{"line":690,"column":null}},"line":681},"56":{"name":"(anonymous_56)","decl":{"start":{"line":684,"column":46},"end":{"line":684,"column":51}},"loc":{"start":{"line":684,"column":55},"end":{"line":686,"column":13}},"line":684},"57":{"name":"cleanup","decl":{"start":{"line":692,"column":4},"end":{"line":692,"column":11}},"loc":{"start":{"line":692,"column":14},"end":{"line":695,"column":null}},"line":692},"58":{"name":"setAudioPriority","decl":{"start":{"line":702,"column":4},"end":{"line":702,"column":20}},"loc":{"start":{"line":702,"column":37},"end":{"line":717,"column":null}},"line":702},"59":{"name":"getAudioPriority","decl":{"start":{"line":723,"column":4},"end":{"line":723,"column":20}},"loc":{"start":{"line":723,"column":23},"end":{"line":725,"column":null}},"line":723},"60":{"name":"hasLoadedSound","decl":{"start":{"line":727,"column":4},"end":{"line":727,"column":18}},"loc":{"start":{"line":727,"column":23},"end":{"line":729,"column":null}},"line":727},"61":{"name":"getLetterData","decl":{"start":{"line":731,"column":4},"end":{"line":731,"column":17}},"loc":{"start":{"line":731,"column":20},"end":{"line":733,"column":null}},"line":731},"62":{"name":"normalizeTemplateId","decl":{"start":{"line":735,"column":4},"end":{"line":735,"column":23}},"loc":{"start":{"line":735,"column":36},"end":{"line":749,"column":null}},"line":735},"63":{"name":"normalizeSoundId","decl":{"start":{"line":751,"colum
[...]
":{"line":363,"column":null}},"51":{"start":{"line":364,"column":16},"end":{"line":364,"column":null}},"52":{"start":{"line":367,"column":12},"end":{"line":370,"column":null}},"53":{"start":{"line":368,"column":16},"end":{"line":368,"column":null}},"54":{"start":{"line":369,"column":16},"end":{"line":369,"column":null}},"55":{"start":{"line":372,"column":12},"end":{"line":372,"column":null}},"56":{"start":{"line":383,"column":24},"end":{"line":383,"column":66}},"57":{"start":{"line":384,"column":8},"end":{"line":388,"column":null}},"58":{"start":{"line":385,"column":12},"end":{"line":385,"column":null}},"59":{"start":{"line":386,"column":12},"end":{"line":386,"column":null}},"60":{"start":{"line":387,"column":12},"end":{"line":387,"column":null}},"61":{"start":{"line":390,"column":22},"end":{"line":390,"column":51}},"62":{"start":{"line":391,"column":8},"end":{"line":391,"column":null}},"63":{"start":{"line":394,"column":22},"end":{"line":398,"column":9}},"64":{"start":{"line":400,"column":8},"end":{"line":403,"column":null}},"65":{"start":{"line":405,"column":8},"end":{"line":405,"column":null}},"66":{"start":{"line":408,"column":8},"end":{"line":411,"column":null}},"67":{"start":{"line":409,"column":12},"end":{"line":409,"column":null}},"68":{"start":{"line":410,"column":12},"end":{"line":410,"column":null}},"69":{"start":{"line":410,"column":29},"end":{"line":410,"column":43}},"70":{"start":{"line":413,"column":8},"end":{"line":413,"column":null}},"71":{"start":{"line":422,"column":26},"end":{"line":422,"column":55}},"72":{"start":{"line":423,"column":8},"end":{"line":423,"column":null}},"73":{"start":{"line":424,"column":8},"end":{"line":431,"column":null}},"74":{"start":{"line":432,"column":8},"end":{"line":432,"column":null}},"75":{"start":{"line":443,"column":8},"end":{"line":443,"column":null}},"76":{"start":{"line":444,"column":8},"end":{"line":444,"column":null}},"77":{"start":{"line":446,"column":8},"end":{"line":462,"column":null}},"78":{"start":{"line":447,"column":12},"end":{"line":447,"column":null}},"79":{"start":{"line":450,"column":12},"end":{"line":450,"column":null}},"80":{"start":{"line":451,"column":12},"end":{"line":451,"column":null}},"81":{"start":{"line":453,"column":12},"end":{"line":456,"column":null}},"82":{"start":{"line":454,"column":16},"end":{"line":454,"column":null}},"83":{"start":{"line":455,"column":16},"end":{"line":455,"column":null}},"84":{"start":{"line":458,"column":12},"end":{"line":461,"column":null}},"85":{"start":{"line":459,"column":16},"end":{"line":459,"column":null}},"86":{"start":{"line":460,"column":16},"end":{"line":460,"column":null}},"87":{"start":{"line":460,"column":30},"end":{"line":460,"column":null}},"88":{"start":{"line":470,"column":8},"end":{"line":472,"column":null}},"89":{"start":{"line":471,"column":12},"end":{"line":471,"column":null}},"90":{"start":{"line":480,"column":8},"end":{"line":480,"column":null}},"91":{"start":{"line":488,"column":8},"end":{"line":488,"column":null}},"92":{"start":{"line":497,"column":27},"end":{"line":501,"column":9}},"93":{"start":{"line":503,"column":30},"end":{"line":507,"column":9}},"94":{"start":{"line":509,"column":28},"end":{"line":513,"column":9}},"95":{"start":{"line":515,"column":8},"end":{"line":515,"column":null}},"96":{"start":{"line":516,"column":8},"end":{"line":516,"column":null}},"97":{"start":{"line":518,"column":8},"end":{"line":520,"column":null}},"98":{"start":{"line":519,"column":12},"end":{"line":519,"column":null}},"99":{"start":{"line":527,"column":23},"end":{"line":527,"column":65}},"100":{"start":{"line":528,"column":8},"end":{"line":528,"column":null}},"101":{"start":{"line":528,"column":20},"end":{"line":528,"column":null}},"102":{"start":{"line":530,"column":31},"end":{"line":530,"column":73}},"103":{"start":{"line":531,"column":8},"end":{"line":531,"column":null}},"104":{"start":{"line":531,"column":28},"end":{"line":531,"column":null}},"105":{"start":{"line":533,"column":8},"end":{"line":533,"column":null}},"106":{"start":{"line":541,"column":0},"end":{"line":543,"column":null}},"107":{"start":{"line":542,"column":4},"end":{"line":542,"column":null}}},"fnMap":{"0":{"name":"constructor","decl":{"start":{"line":8,"column":4},"end":{"line":8,"column":15}},"loc":{"start":{"line":8,"column":18},"end":{"line":12,"column":null}},"line":8},"1":{"name":"init","decl":{"start":{"line":14,"column":4},"end":{"line":14,"column":8}},"loc":{"start":{"line":14,"column":11},"end":{"line":18,"column":null}},"line":14},"2":{"name":"injectStyles","decl":{"start":{"line":23,"column":4},"end":{"line":23,"column":16}},"loc":{"start":{"line":23,"column":19},"end":{"line":256,"column":null}},"line":23},"3":{"name":"setupRippleEffect","decl":{"start":{"line":261,"column":4},"end":{"line":261,"column":21}},"loc":{"start":{"line":261,"column":24},"end":{"line":273,"column":null}},"line":261},"4":{"name":"(anonymous_4)","decl":{"start":{"line":262,"column":43},"end":{"line":262,"column":44}},"loc":{"start":{"line":262,"column":50},"end":{"line":272,"column":9}},"line":262},"5":{"name":"createRipple","decl":{"start":{"line":280,"column":4},"end":{"line":280,"column":16}},"loc":{"start":{"line":280,"column":33},"end":{"line":295,"column":null}},"line":280},"6":{"name":"(anonymous_6)","decl":{"start":{"line":292,"column":48},"end":{"line":292,"column":49}},"loc":{"start":{"line":292,"column":54},"end":{"line":294,"column":9}},"line":292},"7":{"name":"showSkeleton","decl":{"start":{"line":302,"column":4},"end":{"line":302,"column":16}},"loc":{"start":{"line":302,"column":40},"end":{"line":324,"column":null}},"line":302},"8":{"name":"hideSkeleton","decl":{"start":{"line":330,"column":4},"end":{"line":330,"column":16}},"loc":{"start":{"line":330,"column":26},"end":{"line":342,"column":null}},"line":330},"9":{"name":"(anonymous_9)","decl":{"start":{"line":335,"column":23},"end":{"line":335,"column":24}},"loc":{"start":{"line":335,"column":29},"end":{"line":340,"column":13}},"line":335},"10":{"name":"loadImageProgressive","decl":{"start":{"line":350,"column":4},"end":{"line":350,"column":24}},"loc":{"start":{"line":350,"column":41},"end":{"line":374,"column":null}},"line":350},"11":{"name":"(anonymous_11)","decl":{"start":{"line":351,"column":27},"end":{"line":351,"column":28}},"loc":{"start":{"line":351,"column":48},"end":{"line":373,"column":9}},"line":351},"12":{"name":"(anonymous_12)","decl":{"start":{"line":361,"column":25},"end":{"line":361,"column":26}},"loc":{"start":{"line":361,"column":31},"end":{"line":365,"column":13}},"line":361},"13":{"name":"(anonymous_13)","decl":{"start":{"line":367,"column":26},"end":{"line":367,"column":27}},"loc":{"start":{"line":367,"column":32},"end":{"line":370,"column":13}},"line":367},"14":{"name":"showToast","decl":{"start":{"line":382,"column":4},"end":{"line":382,"column":13}},"loc":{"start":{"line":382,"column":55},"end":{"line":414,"column":null}},"line":382},"15":{"name":"(anonymous_15)","decl":{"start":{"line":408,"column":19},"end":{"line":408,"column":20}},"loc":{"start":{"line":408,"column":25},"end":{"line":411,"column":9}},"line":408},"16":{"name":"(anonymous_16)","decl":{"start":{"line":410,"column":23},"end":{"line":410,"column":24}},"loc":{"start":{"line":410,"column":29},"end":{"line":410,"column":43}},"line":410},"17":{"name":"createLoadingIndicator","decl":{"start":{"line":421,"column":4},"end":{"line":421,"column":26}},"loc":{"start":{"line":421,"column":45},"end":{"line":433,"column":null}},"line":421},"18":{"name":"transitionScreens","decl":{"start":{"line":441,"column":4},"end":{"line":441,"column":21}},"loc":{"start":{"line":441,"column":54},"end":{"line":463,"column":null}},"line":441},"19":{"name":"(anonymous_19)","decl":{"start":{"line":446,"column":19},"end":{"line":446,"column":20}},"loc":{"start":{"line":446,"column":25},"end":{"line":462,"column":9}},"line":446},"20":{"name":"(anonymous_20)","decl":{"start":{"line":453,"column":34},"end":{"line":453,"column":35}},"loc":{"start":{"line":453,"column":40},"end":{"line":456,"column":13}},"line":453},"21":{"name":"(anonymous_21)","decl":{"start":{"line":458,"column":23},"end":{"line":458,"column":24}},"loc":{"start":{"line":458,"column":29},"end":{"line":461,"column":13}},"line":458},"22":{"name":"makeInteractive","decl":{"start":{"line":469,"column":4},"end":{"line":469,"column":19}},"loc":{"start":{"line":469,"column":30},"end":{"line":473,"column":null}},"line":469},"23":{"name":"(anonymous_23)","decl":{"start":{"line":470,"column":52},"end":{"line":470,"column":59}},"loc":{"start":{"line":470,"column":63},"end":{"line":472,"column":9}},"line":470},"24":{"name":"showOptimisticUpdate","decl":{"start":{"line":479,"column":4},"end":{"line":479,"column":24}},"loc":{"start":{"line":479,"column":34},"end":{"line":481,"column":null}},"line":479},"25":{"name":"hideOptimisticUpdate","decl":{"start":{"line":487,"column":4},"end":{"line":487,"column":24}},"loc":{"start":{"line":487,"column":34},"end":{"line":489,"column":null}},"line":487},"26":{"name":"animateEntrance","decl":{"start":{"line":496,"column":4},"end":{"line":496,"column":19}},"loc":{"start":{"line":496,"column":51},"end":{"line":521,"column":null}},"line":496},"27":{"name":"(anonymous_27)","decl":{"start":{"line":518,"column":30},"end":{"line":518,"column":31}},"loc":{"start":{"line":518,"column":36},"end":{"line":520,"column":9}},"line":518},"28":{"name":"destroy","decl":{"start":{"line":526,"column":4},"end":{"line":526,"column":11}},"loc":{"start":{"line":526,"column":14},"end":{"line":534,"column":null}},"line":526}},"branchMap":{"0":{"loc":{"start":{"line":264,"column":12},"end":{"line":264,"column":null}},"type":"if","locations":[{"start":{"line":264,"column":12},"end":{"line":264,"column":null}},{"start":{},"end":{}}],"line":264},"1":{"loc":{"start":{"line":267,"column":12},"end":{"line":269,"column":null}},"type":"if","locations":[{"start":{"line":267,"column":12},"end":{"line":269,"column":null}},{"start":{},"end":{}}],"line":267},"2":{"loc":{"start":{"line":302,"column":26},"end":{"line":302,"column":38}},"type":"default-arg","locations":[{"start":{"line":302,"column":36},"end":{"line":302,"column":38}}],"line":302},"3":{"loc":{"start":{"line":303,"column":22},"end":{"line":303,"column":45}},"type":"binary-expr","locations":[{"start":{"line":303,"column":22},"end":{"line":303,"column":35}},{"start":{"line":303,"column":39},"end":{"line":303,"column":45}}],"line":303},"4":{"loc":{"start":{"line":304,"column":23},"end":{"line":304,"column":47}},"type":"binary-expr","locations":[{"start":{"line":304,"column":23},"end":{"line":304,"column":37}},{"start":{"line":304,"column":41},"end":{"line":304,"column":47}}],"line":304},"5":{"loc":{"start":{"line":305,"column":29},"end":{"line":305,"column":58}},"type":"binary-expr","locations":[{"start":{"line":305,"column":29},"end":{"line":305,"column":49}},{"start":{"line":305,"column":53},"end":{"line":305,"column":58}}],"line":305},"6":{"loc":{"start":{"line":332,"column":8},"end":{"line":341,"column":null}},"type":"if","locations":[{"start":{"line":332,"column":8},"end":{"line":341,"column":null}},{"start":{},"end":{}}],"line":332},"7":{"loc":{"start":{"line":336,"column":16},"end":{"line":338,"column":null}},"type":"if","locations":[{"start":{"line":336,"column":16},"end":{"line":338,"column":null}},{"start":{},"end":{}}],"line":336},"8":{"loc":{"start":{"line":382,"column":23},"end":{"line":382,"column":36}},"type":"default-arg","locations":[{"start":{"line":382,"column":30},"end":{"line":382,"column":36}}],"line":382},"9":{"loc":{"start":{"line":382,"column":38},"end":{"line":382,"column":53}},"type":"default-arg","locations":[{"start":{"line":382,"column":49},"end":{"line":382,"column":53}}],"line":382},"10":{"loc":{"start":{"line":384,"column":8},"end":{"line":388,"column":null}},"type":"if","locations":[{"start":{"line":384,"column":8},"end":{"line":388,"column":null}},{"start":{},"end":{}}],"line":384},"11":{"loc":{"start":{"line":401,"column":39},"end":{"line":401,"column":64}},"type":"binary-expr","locations":[{"start":{"line":401,"column":39},"end":{"line":401,"column":50}},{"start":{"line":401,"column":54},"end":{"line":401,"column":64}}],"line":401},"12":{"loc":{"start":{"line":421,"column":27},"end":{"line":421,"column":43}},"type":"default-arg","locations":[{"start":{"line":421,"column":34},"end":{"line":421,"column":43}}],"line":421},"13":{"loc":{"start":{"line":460,"column":16},"end":{"line":460,"column":null}},"type":"if","locations":[{"start":{"line":460,"column":16},"end":{"line":460,"column":null}},{"start":{},"end":{}}],"line":460},"14":{"loc":{"start":{"line":496,"column":29},"end":{"line":496,"column":49}},"type":"default-arg","locations":[{"start":{"line":496,"column":41},"end":{"line":496,"column":49}}],"line":496},"15":{"loc":{"start":{"line":528,"column":8},"end":{"line":528,"column":null}},"type":"if","locations":[{"start":{"line":528,"column":8},"end":{"line":528,"column":null}},{"start":{},"end":{}}],"line":528},"16":{"loc":{"start":{"line":531,"column":8},"end":{"line":531,"column":null}},"type":"if","locations":[{"start":{"line":531,"column":8},"end":{"line":531,"column":null}},{"start":{},"end":{}}],"line":531},"17":{"loc":{"start":{"line":541,"column":0},"end":{"line":543,"column":null}},"type":"if","locations":[{"start":{"line":541,"column":0},"end":{"line":543,"column":null}},{"start":{},"end":{}}],"line":541}},"s":{"0":0,"1":0,"2":0,"3":0,"4":0,"5":0,"6":0,"7":0,"8":0,"9":0,"10":0,"11":0,"12":0,"13":0,"14":0,"15":0,"16":0,"17":0,"18":0,"19":0,"20":0,"21":0,"22":0,"23":0,"24":0,"25":0,"26":0,"27":0,"28":0,"29":0,"30":0,"31":0,"32":0,"33":0,"34":0,"35":0,"36":0,"37":0,"38":0,"39":0,"40":0,"41":0,"42":0,"43":0,"44":0,"45":0,"46":0,"47":0,"48":0,"49":0,"50":0,"51":0,"52":0,"53":0,"54":0,"55":0,"56":0,"57":0,"58":0,"59":0,"60":0,"61":0,"62":0,"63":0,"64":0,"65":0,"66":0,"67":0,"68":0,"69":0,"70":0,"71":0,"72":0,"73":0,"74":0,"75":0,"76":0,"77":0,"78":0,"79":0,"80":0,"81":0,"82":0,"83":0,"84":0,"85":0,"86":0,"87":0,"88":0,"89":0,"90":0,"91":0,"92":0,"93":0,"94":0,"95":0,"96":0,"97":0,"98":0,"99":0,"100":0,"101":0,"102":0,"103":0,"104":0,"105":0,"106":2,"107":2},"f":{"0":0,"1":0,"2":0,"3":0,"4":0,"5":0,"6":0,"7":0,"8":0,"9":0,"10":0,"11":0,"12":0,"13":0,"14":0,"15":0,"16":0,"17":0,"18":0,"19":0,"20":0,"21":0,"22":0,"23":0,"24":0,"25":0,"26":0,"27":0,"28":0},"b":{"0":[0,0],"1":[0,0],"2":[0],"3":[0,0],"4":[0,0],"5":[0,0],"6":[0,0],"7":[0,0],"8":[0],"9":[0],"10":[0,0],"11":[0,0],"12":[0],"13":[0,0],"14":[0],"15":[0,0],"16":[0,0],"17":[2,0]},"meta":{"lastBranch":18,"lastFunction":29,"lastStatement":108,"seen":{"f:8:4:8:15":0,"s:9:8:9:Infinity":0,"s:10:8:10:Infinity":1,"s:11:8:11:Infinity":2,"f:14:4:14:8":1,"s:15:8:15:Infinity":3,"s:16:8:16:Infinity":4,"s:17:8:17:Infinity":5,"f:23:4:23:16":2,"s:24:23:24:54":6,"s:25:8:25:Infinity":7,"s:26:8:254:Infinity":8,"s:255:8:255:Infinity":9,"f:261:4:261:21":3,"s:262:8:272:Infinity":10,"f:262:43:262:44":4,"s:263:27:263:97":11,"b:264:12:264:Infinity:undefined:undefined:undefined:undefined":0,"s:264:12:264:Infinity":12,"s:264:25:264:Infinity":13,"b:267:12:269:Infinity:undefined:undefined:undefined:undefined":1,"s:267:12:269:Infinity":14,"s:268:16:268:Infinity":15,"s:271:12:271:Infinity":16,"f:280:4:280:16":5,"s:281:21:281:52":17,"s:282:23:282:53":18,"s:283:8:283:Infinity":19,"s:285:21:285:54":20,"s:286:8:286:Infinity":21,"s:287:8:287:Infinity":22,"s:288:8:288:Infinity":23,"s:290:8:290:Infinity":24,"s:292:8:294:Infinity":25,"f:292:48:292:49":6,"s:293:12:293:Infinity":26,"f:302:4:302:16":7,"b:302:36:302:38":2,"s:303:22:303:45":27,"b:303:22:303:35:303:39:303:45":3,"s:304:23:304:47":28,"b:304:23:304:37:304:41:304:47":4,"s:305:29:305:58":29,"b:305:29:305:49:305:53:305:58":5,"s:307:25:307:54":30,"s:308:8:308:Infinity":31,"s:309:8:317:Infinity":32,"s:319:8:319:Infinity":33,"s:320:8:320:Infinity":34,"s:321:8:321:Infinity":35,"s:323:8:323:Infinity":36,"f:330:4:330:16":8,"s:331:25:331:56":37,"b:332:8:341:Infinity:undefined:undefined:undefined:undefined":6,"s:332:8:341:Infinity":38,"s:333:12:333:Infinity":39,"s:334:12:334:Infinity":40,"s:335:12:340:Infinity":41,"f:335:23:335:24":9,"b:336:16:338:Infinity:undefined:undefined:undefined:undefined":7,"s:336:16:338:Infinity":42,"s:337:20:337:Infinity":43,"s:339:16:339:Infinity":44,"f:350:4:350:24":10,"s:351:8:373:Infinity":45,"f:351:27:351:28":11,"s:353:12:357:Infinity":46,"s:359:24:359:35":47,"s:361:12:365:Infinity":48,"f:361:25:361:26":12,"s:362:16:362:Infinity":49,"s:363:16:363:Infinity":50,"s:364:16:364:Infinity":51,"s:367:12:370:Infinity":52,"f:367:26:367:27":13,"s:368:16:368:Infinity":53,"s:369:16:369:Infinity":54,"s:372:12:372:Infinity":55,"f:382:4:382:13":14,"b:382:30:382:36":8,"b:382:49:382:53":9,"s:383:24:383:66":56,"b:384:8:388:Infinity:undefined:undefined:undefined:undefined":10,"s:384:8:388:Infinity":57,"s:385:12:385:Infinity":58,"s:386:12:386:Infinity":59,"s:387:12:387:Infinity":60,"s:390:22:390:51":61,"s:391:8:391:Infinity":62,"s:394:22:398:9":63,"s:400:8:403:Infinity":64,"b:401:39:401:50:401:54:401:64":11,"s:405:8:405:Infinity":65,"s:408:8:411:Infinity":66,"f:408:19:408:20":15,"s:409:12:409:Infinity":67,"s:410:12:410:Infinity":68,"f:410:23:410:24":16,"s:410:29:410:43":69,"s:413:8:413:Infinity":70,"f:421:4:421:26":17,"b:421:34:421:43":12,"s:422:26:422:55":71,"s:423:8:423:Infinity":72,"s:424:8:431:Infinity":73,"s:432:8:432:Infinity":74,"f:441:4:441:21":18,"s:443:8:443:Infinity":75,"s:444:8:444:Infinity":76,"s:446:8:462:Infinity":77,"f:446:19:446:20":19,"s:447:12:447:Infinity":78,"s:450:12:450:Infinity":79,"s:451:12:451:Infinity":80,"s:453:12:456:Infinity":81,"f:453:34:453:35":20,"s:454:16:454:Infinity":82,"s:455:16:455:Infinity":83,"s:458:12:461:Infinity":84,"f:458:23:458:24":21,"s:459:16:459:Infinity":85,"b:460:16:460:Infinity:undefined:undefined:undefined:undefined":13,"s:460:16:460:Infinity":86,"s:460:30:460:Infinity":87,"f:469:4:469:19":22,"s:470:8:472:Infinity":88,"f:470:52:470:59":23,"s:471:12:471:Infinity":89,"f:479:4:479:24":24,"s:480:8:480:Infinity":90,"f:487:4:487:24":25,"s:488:8:488:Infinity":91,"f:496:4:496:19":26,"b:496:41:496:49":14,"s:497:27:501:9":92,"s:503:30:507:9":93,"s:509:28:513:9":94,"s:515:8:515:Infinity":95,"s:516:8:516:Infinity":96,"s:518:8:520:Infinity":97,"f:518:30:518:31":27,"s:519:12:519:Infinity":98,"f:526:4:526:11":28,"s:527:23:527:65":99,"b:528:8:528:Infinity:undefined:undefined:undefined:undefined":15,"s:528:8:528:Infinity":100,"s:528:20:528:Infinity":101,"s:530:31:530:73":102,"b:531:8:531:Infinity:undefined:undefined:undefined:undefined":16,"s:531:8:531:Infinity":103,"s:531:28:531:Infinity":104,"s:533:8:533:Infinity":105,"b:541:0:543:Infinity:undefined:undefined:undefined:undefined":17,"s:541:0:543:Infinity":106,"s:542:4:542:Infinity":107}}}
,"/home/ewaldt/Documents/VS/GAMES/Phonics-Fun/js/utils.js": {"path":"/home/ewaldt/Documents/VS/GAMES/Phonics-Fun/js/utils.js","statementMap":{"0":{"start":{"line":10,"column":4},"end":{"line":13,"column":null}},"1":{"start":{"line":11,"column":8},"end":{"line":11,"column":null}},"2":{"start":{"line":12,"column":8},"end":{"line":12,"column":null}},"3":{"start":{"line":12,"column":35},"end":{"line":12,"column":57}}},"fnMap":{"0":{"name":"debounce","decl":{"start":{"line":8,"column":16},"end":{"line":8,"column":24}},"loc":{"start":{"line":8,"column":37},"end":{"line":14,"column":null}},"line":8},"1":{"name":"(anonymous_1)","decl":{"start":{"line":10,"column":11},"end":{"line":10,"column":19}},"loc":{"start":{"line":10,"column":29},"end":{"line":13,"column":5}},"line":10},"2":{"name":"(anonymous_2)","decl":{"start":{"line":12,"column":29},"end":{"line":12,"column":30}},"loc":{"start":{"line":12,"column":35},"end":{"line":12,"column":57}},"line":12}},"branchMap":{},"s":{"0":5,"1":6,"2":6,"3":5},"f":{"0":5,"1":6,"2":5},"b":{},"meta":{"lastBranch":0,"lastFunction":3,"lastStatement":4,"seen":{"f:8:16:8:24":0,"s:10:4:13:Infinity":0,"f:10:11:10:19":1,"s:11:8:11:Infinity":1,"s:12:8:12:Infinity":2,"f:12:29:12:30":2,"s:12:35:12:57":3}}}
}
